12/12/2022 14:11:10: _______________________________________________
12/12/2022 14:11:10: |                                             |
12/12/2022 14:11:10: | ___  ___  ____ ___  _   _  ___    ____ ____ |
12/12/2022 14:11:10: ||[_]||[_]|  || ||^||||\V/||||^||    ||   ||  |
12/12/2022 14:11:10: |||'' ||^\\  ||  \\  || V || \\      ||   ||  |
12/12/2022 14:11:10: |||   ||  \\_||_||_||||   ||||_||   _||_ _||_ |
12/12/2022 14:11:10: |                                             |
12/12/2022 14:11:10: |Author: John Archibald Page                  |
12/12/2022 14:11:10: |Created on: 30/11/2022                       |
12/12/2022 14:11:10: |Last updated on: 30/11/2022                  |
12/12/2022 14:11:10: |_____________________________________________|
12/12/2022 14:11:10: Initiating program...
12/12/2022 14:11:10: Launch Window initiating...
12/12/2022 14:11:11: Launch Window initiated Successfully!
12/12/2022 17:58:42: _______________________________________________
12/12/2022 17:58:42: |                                             |
12/12/2022 17:58:42: | ___  ___  ____ ___  _   _  ___    ____ ____ |
12/12/2022 17:58:42: ||[_]||[_]|  || ||^||||\V/||||^||    ||   ||  |
12/12/2022 17:58:42: |||'' ||^\\  ||  \\  || V || \\      ||   ||  |
12/12/2022 17:58:42: |||   ||  \\_||_||_||||   ||||_||   _||_ _||_ |
12/12/2022 17:58:42: |                                             |
12/12/2022 17:58:42: |Author: John Archibald Page                  |
12/12/2022 17:58:42: |Created on: 30/11/2022                       |
12/12/2022 17:58:42: |Last updated on: 30/11/2022                  |
12/12/2022 17:58:42: |_____________________________________________|
12/12/2022 17:58:42: Initiating program...
12/12/2022 17:58:42: Launch Window initiating...
12/12/2022 17:58:42: Launch Window initiated Successfully!
12/12/2022 18:12:51: _______________________________________________
12/12/2022 18:12:51: |                                             |
12/12/2022 18:12:51: | ___  ___  ____ ___  _   _  ___    ____ ____ |
12/12/2022 18:12:51: ||[_]||[_]|  || ||^||||\V/||||^||    ||   ||  |
12/12/2022 18:12:51: |||'' ||^\\  ||  \\  || V || \\      ||   ||  |
12/12/2022 18:12:51: |||   ||  \\_||_||_||||   ||||_||   _||_ _||_ |
12/12/2022 18:12:51: |                                             |
12/12/2022 18:12:51: |Author: John Archibald Page                  |
12/12/2022 18:12:51: |Created on: 30/11/2022                       |
12/12/2022 18:12:51: |Last updated on: 30/11/2022                  |
12/12/2022 18:12:51: |_____________________________________________|
12/12/2022 18:12:51: Initiating program...
12/12/2022 18:12:51: Launch Window initiating...
12/12/2022 18:12:51: Launch Window initiated Successfully!
12/12/2022 18:13:36: _______________________________________________
12/12/2022 18:13:36: |                                             |
12/12/2022 18:13:36: | ___  ___  ____ ___  _   _  ___    ____ ____ |
12/12/2022 18:13:36: ||[_]||[_]|  || ||^||||\V/||||^||    ||   ||  |
12/12/2022 18:13:36: |||'' ||^\\  ||  \\  || V || \\      ||   ||  |
12/12/2022 18:13:36: |||   ||  \\_||_||_||||   ||||_||   _||_ _||_ |
12/12/2022 18:13:36: |                                             |
12/12/2022 18:13:36: |Author: John Archibald Page                  |
12/12/2022 18:13:36: |Created on: 30/11/2022                       |
12/12/2022 18:13:36: |Last updated on: 30/11/2022                  |
12/12/2022 18:13:36: |_____________________________________________|
12/12/2022 18:13:36: Initiating program...
12/12/2022 18:13:36: Launch Window initiating...
12/12/2022 18:13:36: Launch Window initiated Successfully!
12/12/2022 18:19:46: _______________________________________________
12/12/2022 18:19:46: |                                             |
12/12/2022 18:19:46: | ___  ___  ____ ___  _   _  ___    ____ ____ |
12/12/2022 18:19:46: ||[_]||[_]|  || ||^||||\V/||||^||    ||   ||  |
12/12/2022 18:19:46: |||'' ||^\\  ||  \\  || V || \\      ||   ||  |
12/12/2022 18:19:46: |||   ||  \\_||_||_||||   ||||_||   _||_ _||_ |
12/12/2022 18:19:46: |                                             |
12/12/2022 18:19:46: |Author: John Archibald Page                  |
12/12/2022 18:19:46: |Created on: 30/11/2022                       |
12/12/2022 18:19:46: |Last updated on: 30/11/2022                  |
12/12/2022 18:19:46: |_____________________________________________|
12/12/2022 18:19:46: Initiating program...
12/12/2022 18:19:46: Launch Window initiating...
12/12/2022 18:19:46: Launch Window initiated Successfully!
12/12/2022 18:20:02: _______________________________________________
12/12/2022 18:20:02: |                                             |
12/12/2022 18:20:02: | ___  ___  ____ ___  _   _  ___    ____ ____ |
12/12/2022 18:20:02: ||[_]||[_]|  || ||^||||\V/||||^||    ||   ||  |
12/12/2022 18:20:02: |||'' ||^\\  ||  \\  || V || \\      ||   ||  |
12/12/2022 18:20:02: |||   ||  \\_||_||_||||   ||||_||   _||_ _||_ |
12/12/2022 18:20:02: |                                             |
12/12/2022 18:20:02: |Author: John Archibald Page                  |
12/12/2022 18:20:02: |Created on: 30/11/2022                       |
12/12/2022 18:20:02: |Last updated on: 30/11/2022                  |
12/12/2022 18:20:02: |_____________________________________________|
12/12/2022 18:20:02: Initiating program...
12/12/2022 18:20:02: Launch Window initiating...
12/12/2022 18:20:03: Launch Window initiated Successfully!
12/12/2022 18:20:13: _______________________________________________
12/12/2022 18:20:13: |                                             |
12/12/2022 18:20:13: | ___  ___  ____ ___  _   _  ___    ____ ____ |
12/12/2022 18:20:13: ||[_]||[_]|  || ||^||||\V/||||^||    ||   ||  |
12/12/2022 18:20:13: |||'' ||^\\  ||  \\  || V || \\      ||   ||  |
12/12/2022 18:20:13: |||   ||  \\_||_||_||||   ||||_||   _||_ _||_ |
12/12/2022 18:20:13: |                                             |
12/12/2022 18:20:13: |Author: John Archibald Page                  |
12/12/2022 18:20:13: |Created on: 30/11/2022                       |
12/12/2022 18:20:13: |Last updated on: 30/11/2022                  |
12/12/2022 18:20:13: |_____________________________________________|
12/12/2022 18:20:13: Initiating program...
12/12/2022 18:20:13: Launch Window initiating...
12/12/2022 18:20:13: Launch Window initiated Successfully!
12/12/2022 18:20:29: _______________________________________________
12/12/2022 18:20:29: |                                             |
12/12/2022 18:20:29: | ___  ___  ____ ___  _   _  ___    ____ ____ |
12/12/2022 18:20:29: ||[_]||[_]|  || ||^||||\V/||||^||    ||   ||  |
12/12/2022 18:20:29: |||'' ||^\\  ||  \\  || V || \\      ||   ||  |
12/12/2022 18:20:29: |||   ||  \\_||_||_||||   ||||_||   _||_ _||_ |
12/12/2022 18:20:29: |                                             |
12/12/2022 18:20:29: |Author: John Archibald Page                  |
12/12/2022 18:20:29: |Created on: 30/11/2022                       |
12/12/2022 18:20:29: |Last updated on: 30/11/2022                  |
12/12/2022 18:20:29: |_____________________________________________|
12/12/2022 18:20:29: Initiating program...
12/12/2022 18:20:29: Launch Window initiating...
12/12/2022 18:20:29: Launch Window initiated Successfully!
12/12/2022 18:22:28: _______________________________________________
12/12/2022 18:22:28: |                                             |
12/12/2022 18:22:28: | ___  ___  ____ ___  _   _  ___    ____ ____ |
12/12/2022 18:22:28: ||[_]||[_]|  || ||^||||\V/||||^||    ||   ||  |
12/12/2022 18:22:28: |||'' ||^\\  ||  \\  || V || \\      ||   ||  |
12/12/2022 18:22:28: |||   ||  \\_||_||_||||   ||||_||   _||_ _||_ |
12/12/2022 18:22:28: |                                             |
12/12/2022 18:22:28: |Author: John Archibald Page                  |
12/12/2022 18:22:28: |Created on: 30/11/2022                       |
12/12/2022 18:22:28: |Last updated on: 30/11/2022                  |
12/12/2022 18:22:28: |_____________________________________________|
12/12/2022 18:22:28: Initiating program...
12/12/2022 18:22:28: Launch Window initiating...
12/12/2022 18:22:28: Launch Window initiated Successfully!
12/12/2022 18:37:21: _______________________________________________
12/12/2022 18:37:21: |                                             |
12/12/2022 18:37:21: | ___  ___  ____ ___  _   _  ___    ____ ____ |
12/12/2022 18:37:21: ||[_]||[_]|  || ||^||||\V/||||^||    ||   ||  |
12/12/2022 18:37:21: |||'' ||^\\  ||  \\  || V || \\      ||   ||  |
12/12/2022 18:37:21: |||   ||  \\_||_||_||||   ||||_||   _||_ _||_ |
12/12/2022 18:37:21: |                                             |
12/12/2022 18:37:21: |Author: John Archibald Page                  |
12/12/2022 18:37:21: |Created on: 30/11/2022                       |
12/12/2022 18:37:21: |Last updated on: 30/11/2022                  |
12/12/2022 18:37:21: |_____________________________________________|
12/12/2022 18:37:21: Initiating program...
12/12/2022 18:37:22: Launch Window initiating...
12/12/2022 18:37:23: Launch Window initiated Successfully!
