12/14/2022 11:13:08: _______________________________________________
12/14/2022 11:13:08: |                                             |
12/14/2022 11:13:08: | ___  ___  ____ ___  _   _  ___    ____ ____ |
12/14/2022 11:13:08: ||[_]||[_]|  || ||^||||\V/||||^||    ||   ||  |
12/14/2022 11:13:08: |||'' ||^\\  ||  \\  || V || \\      ||   ||  |
12/14/2022 11:13:08: |||   ||  \\_||_||_||||   ||||_||   _||_ _||_ |
12/14/2022 11:13:08: |                                             |
12/14/2022 11:13:08: |Author: John Archibald Page                  |
12/14/2022 11:13:08: |Created on: 30/11/2022                       |
12/14/2022 11:13:08: |Last updated on: 13/12/2022                  |
12/14/2022 11:13:08: |_____________________________________________|
12/14/2022 11:13:08: Initiating program...
12/14/2022 11:13:10: Launch Window initiating...
12/14/2022 11:13:11: Launch Window initiated Successfully!
12/14/2022 11:14:56: Equipment Serial Port Configuration set:
12/14/2022 11:14:56: component,connected,COMS
12/14/2022 11:14:56: MainCamera,False,0
12/14/2022 11:14:56: AziAlt-Stand,False,0
12/14/2022 11:14:56: Filter,False,0
12/14/2022 11:14:56: Focuser,False,0
12/14/2022 11:14:56: RGBCamera,False,0
12/14/2022 11:14:56: Initiating Main window...
12/14/2022 11:14:59: Main window initiated successfully!
12/14/2022 12:59:30: _______________________________________________
12/14/2022 12:59:30: |                                             |
12/14/2022 12:59:30: | ___  ___  ____ ___  _   _  ___    ____ ____ |
12/14/2022 12:59:30: ||[_]||[_]|  || ||^||||\V/||||^||    ||   ||  |
12/14/2022 12:59:30: |||'' ||^\\  ||  \\  || V || \\      ||   ||  |
12/14/2022 12:59:30: |||   ||  \\_||_||_||||   ||||_||   _||_ _||_ |
12/14/2022 12:59:30: |                                             |
12/14/2022 12:59:30: |Author: John Archibald Page                  |
12/14/2022 12:59:30: |Created on: 30/11/2022                       |
12/14/2022 12:59:30: |Last updated on: 13/12/2022                  |
12/14/2022 12:59:30: |_____________________________________________|
12/14/2022 12:59:30: Initiating program...
12/14/2022 12:59:36: Launch Window initiating...
12/14/2022 12:59:40: Launch Window initiated Successfully!
12/14/2022 13:00:23: _______________________________________________
12/14/2022 13:00:23: |                                             |
12/14/2022 13:00:23: | ___  ___  ____ ___  _   _  ___    ____ ____ |
12/14/2022 13:00:23: ||[_]||[_]|  || ||^||||\V/||||^||    ||   ||  |
12/14/2022 13:00:23: |||'' ||^\\  ||  \\  || V || \\      ||   ||  |
12/14/2022 13:00:23: |||   ||  \\_||_||_||||   ||||_||   _||_ _||_ |
12/14/2022 13:00:23: |                                             |
12/14/2022 13:00:23: |Author: John Archibald Page                  |
12/14/2022 13:00:23: |Created on: 30/11/2022                       |
12/14/2022 13:00:23: |Last updated on: 13/12/2022                  |
12/14/2022 13:00:23: |_____________________________________________|
12/14/2022 13:00:23: Initiating program...
12/14/2022 13:00:24: Launch Window initiating...
12/14/2022 13:00:24: Launch Window initiated Successfully!
12/14/2022 13:01:05: Equipment Serial Port Configuration set:
12/14/2022 13:01:05: component,connected,COMS
12/14/2022 13:01:05: MainCamera,False,0
12/14/2022 13:01:05: AziAlt-Stand,False,0
12/14/2022 13:01:05: Filter,False,0
12/14/2022 13:01:05: Focuser,False,0
12/14/2022 13:01:05: RGBCamera,False,0
12/14/2022 13:01:05: Initiating Main window...
12/14/2022 13:01:06: Main window initiated successfully!
12/14/2022 13:02:44: _______________________________________________
12/14/2022 13:02:44: |                                             |
12/14/2022 13:02:44: | ___  ___  ____ ___  _   _  ___    ____ ____ |
12/14/2022 13:02:44: ||[_]||[_]|  || ||^||||\V/||||^||    ||   ||  |
12/14/2022 13:02:44: |||'' ||^\\  ||  \\  || V || \\      ||   ||  |
12/14/2022 13:02:44: |||   ||  \\_||_||_||||   ||||_||   _||_ _||_ |
12/14/2022 13:02:44: |                                             |
12/14/2022 13:02:44: |Author: John Archibald Page                  |
12/14/2022 13:02:44: |Created on: 30/11/2022                       |
12/14/2022 13:02:44: |Last updated on: 13/12/2022                  |
12/14/2022 13:02:44: |_____________________________________________|
12/14/2022 13:02:44: Initiating program...
12/14/2022 13:02:44: Launch Window initiating...
12/14/2022 13:02:44: Launch Window initiated Successfully!
12/14/2022 13:27:55: _______________________________________________
12/14/2022 13:27:55: |                                             |
12/14/2022 13:27:55: | ___  ___  ____ ___  _   _  ___    ____ ____ |
12/14/2022 13:27:55: ||[_]||[_]|  || ||^||||\V/||||^||    ||   ||  |
12/14/2022 13:27:55: |||'' ||^\\  ||  \\  || V || \\      ||   ||  |
12/14/2022 13:27:55: |||   ||  \\_||_||_||||   ||||_||   _||_ _||_ |
12/14/2022 13:27:55: |                                             |
12/14/2022 13:27:55: |Author: John Archibald Page                  |
12/14/2022 13:27:55: |Created on: 30/11/2022                       |
12/14/2022 13:27:55: |Last updated on: 13/12/2022                  |
12/14/2022 13:27:55: |_____________________________________________|
12/14/2022 13:27:55: Initiating program...
12/14/2022 13:27:55: Launch Window initiating...
12/14/2022 13:27:55: Launch Window initiated Successfully!
12/14/2022 13:27:59: Equipment Serial Port Configuration set:
12/14/2022 13:27:59: component,connected,COMS
12/14/2022 13:27:59: MainCamera,False,0
12/14/2022 13:27:59: AziAlt-Stand,False,0
12/14/2022 13:27:59: Filter,False,0
12/14/2022 13:27:59: Focuser,False,0
12/14/2022 13:27:59: RGBCamera,False,0
12/14/2022 13:27:59: Initiating Main window...
12/14/2022 13:28:00: Main window initiated successfully!
