12/01/2022 12:21:06: _______________________________________________
12/01/2022 12:21:06: |                                             |
12/01/2022 12:21:06: | ___  ___  ____ ___  _   _  ___    ____ ____ |
12/01/2022 12:21:06: ||[_]||[_]|  || ||^||||\V/||||^||    ||   ||  |
12/01/2022 12:21:06: |||'' ||^\\  ||  \\  || V || \\      ||   ||  |
12/01/2022 12:21:06: |||   ||  \\_||_||_||||   ||||_||   _||_ _||_ |
12/01/2022 12:21:06: |                                             |
12/01/2022 12:21:06: |Author: John Archibald Page                  |
12/01/2022 12:21:06: |Created on: 30/11/2022                       |
12/01/2022 12:21:06: |Last updated on: 30/11/2022                  |
12/01/2022 12:21:06: |_____________________________________________|
12/01/2022 12:21:06: Initiating program...
12/01/2022 12:51:22: _______________________________________________
12/01/2022 12:51:22: |                                             |
12/01/2022 12:51:22: | ___  ___  ____ ___  _   _  ___    ____ ____ |
12/01/2022 12:51:22: ||[_]||[_]|  || ||^||||\V/||||^||    ||   ||  |
12/01/2022 12:51:22: |||'' ||^\\  ||  \\  || V || \\      ||   ||  |
12/01/2022 12:51:22: |||   ||  \\_||_||_||||   ||||_||   _||_ _||_ |
12/01/2022 12:51:22: |                                             |
12/01/2022 12:51:22: |Author: John Archibald Page                  |
12/01/2022 12:51:22: |Created on: 30/11/2022                       |
12/01/2022 12:51:22: |Last updated on: 30/11/2022                  |
12/01/2022 12:51:22: |_____________________________________________|
12/01/2022 12:51:22: Initiating program...
12/01/2022 12:51:22: Initiating Main window...
12/01/2022 12:51:24: Main window initiated successfully!
12/01/2022 12:51:24: Launch Window initiating...
12/01/2022 12:51:24: Launch Window initiated Successfully!
12/01/2022 12:51:30: Equipment Serial Port Configuration set:
12/01/2022 12:51:30: component,connected,COMS
12/01/2022 12:51:30: MainCamera,False,0
12/01/2022 12:51:30: AzimuthAltitudeStand,False,0
12/01/2022 12:51:30: Filter,False,0
12/01/2022 12:51:30: Focuser,False,0
12/01/2022 12:51:30: RGBCamera,False,0
12/01/2022 01:24:51: _______________________________________________
12/01/2022 01:24:51: |                                             |
12/01/2022 01:24:51: | ___  ___  ____ ___  _   _  ___    ____ ____ |
12/01/2022 01:24:51: ||[_]||[_]|  || ||^||||\V/||||^||    ||   ||  |
12/01/2022 01:24:51: |||'' ||^\\  ||  \\  || V || \\      ||   ||  |
12/01/2022 01:24:51: |||   ||  \\_||_||_||||   ||||_||   _||_ _||_ |
12/01/2022 01:24:51: |                                             |
12/01/2022 01:24:51: |Author: John Archibald Page                  |
12/01/2022 01:24:51: |Created on: 30/11/2022                       |
12/01/2022 01:24:51: |Last updated on: 30/11/2022                  |
12/01/2022 01:24:51: |_____________________________________________|
12/01/2022 01:24:51: Initiating program...
12/01/2022 01:24:51: Initiating Main window...
12/01/2022 01:24:51: Main window initiated successfully!
12/01/2022 01:24:51: Launch Window initiating...
12/01/2022 01:24:51: Launch Window initiated Successfully!
12/01/2022 01:27:22: _______________________________________________
12/01/2022 01:27:22: |                                             |
12/01/2022 01:27:22: | ___  ___  ____ ___  _   _  ___    ____ ____ |
12/01/2022 01:27:22: ||[_]||[_]|  || ||^||||\V/||||^||    ||   ||  |
12/01/2022 01:27:22: |||'' ||^\\  ||  \\  || V || \\      ||   ||  |
12/01/2022 01:27:22: |||   ||  \\_||_||_||||   ||||_||   _||_ _||_ |
12/01/2022 01:27:22: |                                             |
12/01/2022 01:27:22: |Author: John Archibald Page                  |
12/01/2022 01:27:22: |Created on: 30/11/2022                       |
12/01/2022 01:27:22: |Last updated on: 30/11/2022                  |
12/01/2022 01:27:22: |_____________________________________________|
12/01/2022 01:27:22: Initiating program...
12/01/2022 01:27:22: Initiating Main window...
12/01/2022 01:27:22: Main window initiated successfully!
12/01/2022 01:27:22: Launch Window initiating...
12/01/2022 01:27:22: Launch Window initiated Successfully!
12/01/2022 01:33:56: _______________________________________________
12/01/2022 01:33:56: |                                             |
12/01/2022 01:33:56: | ___  ___  ____ ___  _   _  ___    ____ ____ |
12/01/2022 01:33:56: ||[_]||[_]|  || ||^||||\V/||||^||    ||   ||  |
12/01/2022 01:33:56: |||'' ||^\\  ||  \\  || V || \\      ||   ||  |
12/01/2022 01:33:56: |||   ||  \\_||_||_||||   ||||_||   _||_ _||_ |
12/01/2022 01:33:56: |                                             |
12/01/2022 01:33:56: |Author: John Archibald Page                  |
12/01/2022 01:33:56: |Created on: 30/11/2022                       |
12/01/2022 01:33:56: |Last updated on: 30/11/2022                  |
12/01/2022 01:33:56: |_____________________________________________|
12/01/2022 01:33:56: Initiating program...
12/01/2022 01:33:56: Initiating Main window...
12/01/2022 01:33:57: Main window initiated successfully!
12/01/2022 01:33:57: Launch Window initiating...
12/01/2022 01:33:57: Launch Window initiated Successfully!
12/01/2022 01:36:15: _______________________________________________
12/01/2022 01:36:15: |                                             |
12/01/2022 01:36:15: | ___  ___  ____ ___  _   _  ___    ____ ____ |
12/01/2022 01:36:15: ||[_]||[_]|  || ||^||||\V/||||^||    ||   ||  |
12/01/2022 01:36:15: |||'' ||^\\  ||  \\  || V || \\      ||   ||  |
12/01/2022 01:36:15: |||   ||  \\_||_||_||||   ||||_||   _||_ _||_ |
12/01/2022 01:36:15: |                                             |
12/01/2022 01:36:15: |Author: John Archibald Page                  |
12/01/2022 01:36:15: |Created on: 30/11/2022                       |
12/01/2022 01:36:15: |Last updated on: 30/11/2022                  |
12/01/2022 01:36:15: |_____________________________________________|
12/01/2022 01:36:15: Initiating program...
12/01/2022 01:36:15: Initiating Main window...
12/01/2022 01:36:16: Main window initiated successfully!
12/01/2022 01:36:16: Launch Window initiating...
12/01/2022 01:36:16: Launch Window initiated Successfully!
12/01/2022 01:39:26: _______________________________________________
12/01/2022 01:39:26: |                                             |
12/01/2022 01:39:26: | ___  ___  ____ ___  _   _  ___    ____ ____ |
12/01/2022 01:39:26: ||[_]||[_]|  || ||^||||\V/||||^||    ||   ||  |
12/01/2022 01:39:26: |||'' ||^\\  ||  \\  || V || \\      ||   ||  |
12/01/2022 01:39:26: |||   ||  \\_||_||_||||   ||||_||   _||_ _||_ |
12/01/2022 01:39:26: |                                             |
12/01/2022 01:39:26: |Author: John Archibald Page                  |
12/01/2022 01:39:26: |Created on: 30/11/2022                       |
12/01/2022 01:39:26: |Last updated on: 30/11/2022                  |
12/01/2022 01:39:26: |_____________________________________________|
12/01/2022 01:39:26: Initiating program...
12/01/2022 01:39:26: Initiating Main window...
12/01/2022 01:39:26: Main window initiated successfully!
12/01/2022 01:39:26: Launch Window initiating...
12/01/2022 01:39:26: Launch Window initiated Successfully!
12/01/2022 01:42:04: _______________________________________________
12/01/2022 01:42:04: |                                             |
12/01/2022 01:42:04: | ___  ___  ____ ___  _   _  ___    ____ ____ |
12/01/2022 01:42:04: ||[_]||[_]|  || ||^||||\V/||||^||    ||   ||  |
12/01/2022 01:42:04: |||'' ||^\\  ||  \\  || V || \\      ||   ||  |
12/01/2022 01:42:04: |||   ||  \\_||_||_||||   ||||_||   _||_ _||_ |
12/01/2022 01:42:04: |                                             |
12/01/2022 01:42:04: |Author: John Archibald Page                  |
12/01/2022 01:42:04: |Created on: 30/11/2022                       |
12/01/2022 01:42:04: |Last updated on: 30/11/2022                  |
12/01/2022 01:42:04: |_____________________________________________|
12/01/2022 01:42:04: Initiating program...
12/01/2022 01:42:04: Initiating Main window...
12/01/2022 01:42:04: Main window initiated successfully!
12/01/2022 01:42:04: Launch Window initiating...
12/01/2022 01:42:04: Launch Window initiated Successfully!
12/01/2022 01:42:07: Equipment Serial Port Configuration set:
12/01/2022 01:42:07: component,connected,COMS
12/01/2022 01:42:07: MainCamera,False,0
12/01/2022 01:42:07: AzimuthAltitudeStand,False,0
12/01/2022 01:42:07: Filter,False,0
12/01/2022 01:42:07: Focuser,False,0
12/01/2022 01:42:07: RGBCamera,False,0
12/01/2022 01:52:23: _______________________________________________
12/01/2022 01:52:23: |                                             |
12/01/2022 01:52:23: | ___  ___  ____ ___  _   _  ___    ____ ____ |
12/01/2022 01:52:23: ||[_]||[_]|  || ||^||||\V/||||^||    ||   ||  |
12/01/2022 01:52:23: |||'' ||^\\  ||  \\  || V || \\      ||   ||  |
12/01/2022 01:52:23: |||   ||  \\_||_||_||||   ||||_||   _||_ _||_ |
12/01/2022 01:52:23: |                                             |
12/01/2022 01:52:23: |Author: John Archibald Page                  |
12/01/2022 01:52:23: |Created on: 30/11/2022                       |
12/01/2022 01:52:23: |Last updated on: 30/11/2022                  |
12/01/2022 01:52:23: |_____________________________________________|
12/01/2022 01:52:23: Initiating program...
12/01/2022 01:52:23: Initiating Main window...
12/01/2022 01:52:23: Main window initiated successfully!
12/01/2022 01:52:23: Launch Window initiating...
12/01/2022 01:52:23: Launch Window initiated Successfully!
12/01/2022 01:52:28: Equipment Serial Port Configuration set:
12/01/2022 01:52:28: component,connected,COMS
12/01/2022 01:52:28: MainCamera,False,0
12/01/2022 01:52:28: AzimuthAltitudeStand,False,0
12/01/2022 01:52:28: Filter,False,0
12/01/2022 01:52:28: Focuser,False,0
12/01/2022 01:52:28: RGBCamera,False,0
12/01/2022 05:04:08: _______________________________________________
12/01/2022 05:04:08: |                                             |
12/01/2022 05:04:08: | ___  ___  ____ ___  _   _  ___    ____ ____ |
12/01/2022 05:04:08: ||[_]||[_]|  || ||^||||\V/||||^||    ||   ||  |
12/01/2022 05:04:08: |||'' ||^\\  ||  \\  || V || \\      ||   ||  |
12/01/2022 05:04:08: |||   ||  \\_||_||_||||   ||||_||   _||_ _||_ |
12/01/2022 05:04:08: |                                             |
12/01/2022 05:04:08: |Author: John Archibald Page                  |
12/01/2022 05:04:08: |Created on: 30/11/2022                       |
12/01/2022 05:04:08: |Last updated on: 30/11/2022                  |
12/01/2022 05:04:08: |_____________________________________________|
12/01/2022 05:04:08: Initiating program...
12/01/2022 05:04:08: Initiating Main window...
12/01/2022 05:04:09: Main window initiated successfully!
12/01/2022 05:04:09: Launch Window initiating...
12/01/2022 05:04:09: Launch Window initiated Successfully!
12/01/2022 05:04:12: Equipment Serial Port Configuration set:
12/01/2022 05:04:12: component,connected,COMS
12/01/2022 05:04:12: MainCamera,False,0
12/01/2022 05:04:12: AzimuthAltitudeStand,False,0
12/01/2022 05:04:12: Filter,False,0
12/01/2022 05:04:12: Focuser,False,0
12/01/2022 05:04:12: RGBCamera,False,0
12/01/2022 06:51:13: _______________________________________________
12/01/2022 06:51:13: |                                             |
12/01/2022 06:51:13: | ___  ___  ____ ___  _   _  ___    ____ ____ |
12/01/2022 06:51:13: ||[_]||[_]|  || ||^||||\V/||||^||    ||   ||  |
12/01/2022 06:51:13: |||'' ||^\\  ||  \\  || V || \\      ||   ||  |
12/01/2022 06:51:13: |||   ||  \\_||_||_||||   ||||_||   _||_ _||_ |
12/01/2022 06:51:13: |                                             |
12/01/2022 06:51:13: |Author: John Archibald Page                  |
12/01/2022 06:51:13: |Created on: 30/11/2022                       |
12/01/2022 06:51:13: |Last updated on: 30/11/2022                  |
12/01/2022 06:51:13: |_____________________________________________|
12/01/2022 06:51:13: Initiating program...
12/01/2022 06:51:14: Initiating Main window...
12/01/2022 06:51:14: Main window initiated successfully!
12/01/2022 06:51:14: Launch Window initiating...
12/01/2022 06:51:14: Launch Window initiated Successfully!
12/01/2022 06:51:17: Equipment Serial Port Configuration set:
12/01/2022 06:51:17: component,connected,COMS
12/01/2022 06:51:17: MainCamera,False,0
12/01/2022 06:51:17: AzimuthAltitudeStand,False,0
12/01/2022 06:51:17: Filter,False,0
12/01/2022 06:51:17: Focuser,False,0
12/01/2022 06:51:17: RGBCamera,False,0
12/01/2022 06:55:44: _______________________________________________
12/01/2022 06:55:44: |                                             |
12/01/2022 06:55:44: | ___  ___  ____ ___  _   _  ___    ____ ____ |
12/01/2022 06:55:44: ||[_]||[_]|  || ||^||||\V/||||^||    ||   ||  |
12/01/2022 06:55:44: |||'' ||^\\  ||  \\  || V || \\      ||   ||  |
12/01/2022 06:55:44: |||   ||  \\_||_||_||||   ||||_||   _||_ _||_ |
12/01/2022 06:55:44: |                                             |
12/01/2022 06:55:44: |Author: John Archibald Page                  |
12/01/2022 06:55:44: |Created on: 30/11/2022                       |
12/01/2022 06:55:44: |Last updated on: 30/11/2022                  |
12/01/2022 06:55:44: |_____________________________________________|
12/01/2022 06:55:44: Initiating program...
12/01/2022 06:55:44: Initiating Main window...
12/01/2022 06:55:44: Main window initiated successfully!
12/01/2022 06:55:44: Launch Window initiating...
12/01/2022 06:55:44: Launch Window initiated Successfully!
12/01/2022 06:55:47: Equipment Serial Port Configuration set:
12/01/2022 06:55:47: component,connected,COMS
12/01/2022 06:55:47: MainCamera,False,0
12/01/2022 06:55:47: AzimuthAltitudeStand,False,0
12/01/2022 06:55:47: Filter,False,0
12/01/2022 06:55:47: Focuser,False,0
12/01/2022 06:55:47: RGBCamera,False,0
12/01/2022 07:04:36: _______________________________________________
12/01/2022 07:04:36: |                                             |
12/01/2022 07:04:36: | ___  ___  ____ ___  _   _  ___    ____ ____ |
12/01/2022 07:04:36: ||[_]||[_]|  || ||^||||\V/||||^||    ||   ||  |
12/01/2022 07:04:36: |||'' ||^\\  ||  \\  || V || \\      ||   ||  |
12/01/2022 07:04:36: |||   ||  \\_||_||_||||   ||||_||   _||_ _||_ |
12/01/2022 07:04:36: |                                             |
12/01/2022 07:04:36: |Author: John Archibald Page                  |
12/01/2022 07:04:36: |Created on: 30/11/2022                       |
12/01/2022 07:04:36: |Last updated on: 30/11/2022                  |
12/01/2022 07:04:36: |_____________________________________________|
12/01/2022 07:04:36: Initiating program...
12/01/2022 07:04:36: Initiating Main window...
12/01/2022 07:04:36: Main window initiated successfully!
12/01/2022 07:04:36: Launch Window initiating...
12/01/2022 07:04:36: Launch Window initiated Successfully!
12/01/2022 07:04:39: Equipment Serial Port Configuration set:
12/01/2022 07:04:39: component,connected,COMS
12/01/2022 07:04:39: MainCamera,False,0
12/01/2022 07:04:39: AzimuthAltitudeStand,False,0
12/01/2022 07:04:39: Filter,False,0
12/01/2022 07:04:39: Focuser,False,0
12/01/2022 07:04:39: RGBCamera,False,0
12/01/2022 07:18:25: _______________________________________________
12/01/2022 07:18:25: |                                             |
12/01/2022 07:18:25: | ___  ___  ____ ___  _   _  ___    ____ ____ |
12/01/2022 07:18:25: ||[_]||[_]|  || ||^||||\V/||||^||    ||   ||  |
12/01/2022 07:18:25: |||'' ||^\\  ||  \\  || V || \\      ||   ||  |
12/01/2022 07:18:25: |||   ||  \\_||_||_||||   ||||_||   _||_ _||_ |
12/01/2022 07:18:25: |                                             |
12/01/2022 07:18:25: |Author: John Archibald Page                  |
12/01/2022 07:18:25: |Created on: 30/11/2022                       |
12/01/2022 07:18:25: |Last updated on: 30/11/2022                  |
12/01/2022 07:18:25: |_____________________________________________|
12/01/2022 07:18:25: Initiating program...
12/01/2022 07:18:25: Initiating Main window...
12/01/2022 07:18:26: Main window initiated successfully!
12/01/2022 07:18:26: Launch Window initiating...
12/01/2022 07:18:26: Launch Window initiated Successfully!
12/01/2022 07:18:31: Equipment Serial Port Configuration set:
12/01/2022 07:18:31: component,connected,COMS
12/01/2022 07:18:31: MainCamera,False,0
12/01/2022 07:18:31: AzimuthAltitudeStand,False,0
12/01/2022 07:18:31: Filter,False,0
12/01/2022 07:18:31: Focuser,False,0
12/01/2022 07:18:31: RGBCamera,False,0
12/01/2022 07:21:41: _______________________________________________
12/01/2022 07:21:41: |                                             |
12/01/2022 07:21:41: | ___  ___  ____ ___  _   _  ___    ____ ____ |
12/01/2022 07:21:41: ||[_]||[_]|  || ||^||||\V/||||^||    ||   ||  |
12/01/2022 07:21:41: |||'' ||^\\  ||  \\  || V || \\      ||   ||  |
12/01/2022 07:21:41: |||   ||  \\_||_||_||||   ||||_||   _||_ _||_ |
12/01/2022 07:21:41: |                                             |
12/01/2022 07:21:41: |Author: John Archibald Page                  |
12/01/2022 07:21:41: |Created on: 30/11/2022                       |
12/01/2022 07:21:41: |Last updated on: 30/11/2022                  |
12/01/2022 07:21:41: |_____________________________________________|
12/01/2022 07:21:41: Initiating program...
12/01/2022 07:21:41: Initiating Main window...
12/01/2022 07:21:41: Main window initiated successfully!
12/01/2022 07:21:41: Launch Window initiating...
12/01/2022 07:21:41: Launch Window initiated Successfully!
12/01/2022 07:21:44: Equipment Serial Port Configuration set:
12/01/2022 07:21:44: component,connected,COMS
12/01/2022 07:21:44: MainCamera,False,0
12/01/2022 07:21:44: AzimuthAltitudeStand,False,0
12/01/2022 07:21:44: Filter,False,0
12/01/2022 07:21:44: Focuser,False,0
12/01/2022 07:21:44: RGBCamera,False,0
12/01/2022 07:31:24: _______________________________________________
12/01/2022 07:31:24: |                                             |
12/01/2022 07:31:24: | ___  ___  ____ ___  _   _  ___    ____ ____ |
12/01/2022 07:31:24: ||[_]||[_]|  || ||^||||\V/||||^||    ||   ||  |
12/01/2022 07:31:24: |||'' ||^\\  ||  \\  || V || \\      ||   ||  |
12/01/2022 07:31:24: |||   ||  \\_||_||_||||   ||||_||   _||_ _||_ |
12/01/2022 07:31:24: |                                             |
12/01/2022 07:31:24: |Author: John Archibald Page                  |
12/01/2022 07:31:24: |Created on: 30/11/2022                       |
12/01/2022 07:31:24: |Last updated on: 30/11/2022                  |
12/01/2022 07:31:24: |_____________________________________________|
12/01/2022 07:31:24: Initiating program...
12/01/2022 07:31:24: Initiating Main window...
12/01/2022 07:31:24: Main window initiated successfully!
12/01/2022 07:31:24: Launch Window initiating...
12/01/2022 07:31:24: Launch Window initiated Successfully!
12/01/2022 11:49:21: _______________________________________________
12/01/2022 11:49:21: |                                             |
12/01/2022 11:49:21: | ___  ___  ____ ___  _   _  ___    ____ ____ |
12/01/2022 11:49:21: ||[_]||[_]|  || ||^||||\V/||||^||    ||   ||  |
12/01/2022 11:49:21: |||'' ||^\\  ||  \\  || V || \\      ||   ||  |
12/01/2022 11:49:21: |||   ||  \\_||_||_||||   ||||_||   _||_ _||_ |
12/01/2022 11:49:21: |                                             |
12/01/2022 11:49:21: |Author: John Archibald Page                  |
12/01/2022 11:49:21: |Created on: 30/11/2022                       |
12/01/2022 11:49:21: |Last updated on: 30/11/2022                  |
12/01/2022 11:49:21: |_____________________________________________|
12/01/2022 11:49:21: Initiating program...
12/01/2022 11:49:21: Initiating Main window...
12/01/2022 11:49:21: Main window initiated successfully!
12/01/2022 11:49:21: Launch Window initiating...
12/01/2022 11:49:21: Launch Window initiated Successfully!
12/01/2022 11:49:26: Equipment Serial Port Configuration set:
12/01/2022 11:49:26: component,connected,COMS
12/01/2022 11:49:26: MainCamera,False,0
12/01/2022 11:49:26: AzimuthAltitudeStand,False,0
12/01/2022 11:49:26: Filter,False,0
12/01/2022 11:49:26: Focuser,False,0
12/01/2022 11:49:26: RGBCamera,False,0
