12/02/2022 12:39:10: _______________________________________________
12/02/2022 12:39:10: |                                             |
12/02/2022 12:39:10: | ___  ___  ____ ___  _   _  ___    ____ ____ |
12/02/2022 12:39:10: ||[_]||[_]|  || ||^||||\V/||||^||    ||   ||  |
12/02/2022 12:39:10: |||'' ||^\\  ||  \\  || V || \\      ||   ||  |
12/02/2022 12:39:10: |||   ||  \\_||_||_||||   ||||_||   _||_ _||_ |
12/02/2022 12:39:10: |                                             |
12/02/2022 12:39:10: |Author: John Archibald Page                  |
12/02/2022 12:39:10: |Created on: 30/11/2022                       |
12/02/2022 12:39:10: |Last updated on: 30/11/2022                  |
12/02/2022 12:39:10: |_____________________________________________|
12/02/2022 12:39:10: Initiating program...
12/02/2022 12:39:10: Initiating Main window...
12/02/2022 12:39:51: _______________________________________________
12/02/2022 12:39:51: |                                             |
12/02/2022 12:39:51: | ___  ___  ____ ___  _   _  ___    ____ ____ |
12/02/2022 12:39:51: ||[_]||[_]|  || ||^||||\V/||||^||    ||   ||  |
12/02/2022 12:39:51: |||'' ||^\\  ||  \\  || V || \\      ||   ||  |
12/02/2022 12:39:51: |||   ||  \\_||_||_||||   ||||_||   _||_ _||_ |
12/02/2022 12:39:51: |                                             |
12/02/2022 12:39:51: |Author: John Archibald Page                  |
12/02/2022 12:39:51: |Created on: 30/11/2022                       |
12/02/2022 12:39:51: |Last updated on: 30/11/2022                  |
12/02/2022 12:39:51: |_____________________________________________|
12/02/2022 12:39:51: Initiating program...
12/02/2022 12:39:51: Initiating Main window...
12/02/2022 12:39:52: Main window initiated successfully!
12/02/2022 12:39:52: Launch Window initiating...
12/02/2022 12:39:52: Launch Window initiated Successfully!
12/02/2022 12:39:54: Equipment Serial Port Configuration set:
12/02/2022 12:39:54: component,connected,COMS
12/02/2022 12:39:54: MainCamera,False,0
12/02/2022 12:39:54: AzimuthAltitudeStand,False,0
12/02/2022 12:39:54: Filter,False,0
12/02/2022 12:39:54: Focuser,False,0
12/02/2022 12:39:54: RGBCamera,False,0
12/02/2022 01:11:50: _______________________________________________
12/02/2022 01:11:50: |                                             |
12/02/2022 01:11:50: | ___  ___  ____ ___  _   _  ___    ____ ____ |
12/02/2022 01:11:50: ||[_]||[_]|  || ||^||||\V/||||^||    ||   ||  |
12/02/2022 01:11:50: |||'' ||^\\  ||  \\  || V || \\      ||   ||  |
12/02/2022 01:11:50: |||   ||  \\_||_||_||||   ||||_||   _||_ _||_ |
12/02/2022 01:11:50: |                                             |
12/02/2022 01:11:50: |Author: John Archibald Page                  |
12/02/2022 01:11:50: |Created on: 30/11/2022                       |
12/02/2022 01:11:50: |Last updated on: 30/11/2022                  |
12/02/2022 01:11:50: |_____________________________________________|
12/02/2022 01:11:50: Initiating program...
12/02/2022 01:11:50: Initiating Main window...
12/02/2022 01:11:50: Main window initiated successfully!
12/02/2022 01:11:50: Launch Window initiating...
12/02/2022 01:11:50: Launch Window initiated Successfully!
12/02/2022 01:11:54: Equipment Serial Port Configuration set:
12/02/2022 01:11:54: component,connected,COMS
12/02/2022 01:11:54: MainCamera,False,0
12/02/2022 01:11:54: AzimuthAltitudeStand,False,0
12/02/2022 01:11:54: Filter,False,0
12/02/2022 01:11:54: Focuser,False,0
12/02/2022 01:11:54: RGBCamera,False,0
12/02/2022 01:13:37: _______________________________________________
12/02/2022 01:13:37: |                                             |
12/02/2022 01:13:37: | ___  ___  ____ ___  _   _  ___    ____ ____ |
12/02/2022 01:13:37: ||[_]||[_]|  || ||^||||\V/||||^||    ||   ||  |
12/02/2022 01:13:37: |||'' ||^\\  ||  \\  || V || \\      ||   ||  |
12/02/2022 01:13:37: |||   ||  \\_||_||_||||   ||||_||   _||_ _||_ |
12/02/2022 01:13:37: |                                             |
12/02/2022 01:13:37: |Author: John Archibald Page                  |
12/02/2022 01:13:37: |Created on: 30/11/2022                       |
12/02/2022 01:13:37: |Last updated on: 30/11/2022                  |
12/02/2022 01:13:37: |_____________________________________________|
12/02/2022 01:13:37: Initiating program...
12/02/2022 01:13:37: Initiating Main window...
12/02/2022 01:13:37: Main window initiated successfully!
12/02/2022 01:13:37: Launch Window initiating...
12/02/2022 01:13:37: Launch Window initiated Successfully!
12/02/2022 01:13:40: Equipment Serial Port Configuration set:
12/02/2022 01:13:40: component,connected,COMS
12/02/2022 01:13:40: MainCamera,False,0
12/02/2022 01:13:40: AzimuthAltitudeStand,False,0
12/02/2022 01:13:40: Filter,False,0
12/02/2022 01:13:40: Focuser,False,0
12/02/2022 01:13:40: RGBCamera,False,0
12/02/2022 01:15:36: _______________________________________________
12/02/2022 01:15:36: |                                             |
12/02/2022 01:15:36: | ___  ___  ____ ___  _   _  ___    ____ ____ |
12/02/2022 01:15:36: ||[_]||[_]|  || ||^||||\V/||||^||    ||   ||  |
12/02/2022 01:15:36: |||'' ||^\\  ||  \\  || V || \\      ||   ||  |
12/02/2022 01:15:36: |||   ||  \\_||_||_||||   ||||_||   _||_ _||_ |
12/02/2022 01:15:36: |                                             |
12/02/2022 01:15:36: |Author: John Archibald Page                  |
12/02/2022 01:15:36: |Created on: 30/11/2022                       |
12/02/2022 01:15:36: |Last updated on: 30/11/2022                  |
12/02/2022 01:15:36: |_____________________________________________|
12/02/2022 01:15:36: Initiating program...
12/02/2022 01:15:36: Initiating Main window...
12/02/2022 01:15:36: Main window initiated successfully!
12/02/2022 01:15:36: Launch Window initiating...
12/02/2022 01:15:36: Launch Window initiated Successfully!
12/02/2022 01:15:39: Equipment Serial Port Configuration set:
12/02/2022 01:15:39: component,connected,COMS
12/02/2022 01:15:39: MainCamera,False,0
12/02/2022 01:15:39: AzimuthAltitudeStand,False,0
12/02/2022 01:15:39: Filter,False,0
12/02/2022 01:15:39: Focuser,False,0
12/02/2022 01:15:39: RGBCamera,False,0
