12/05/2022 12:49:30: _______________________________________________
12/05/2022 12:49:30: |                                             |
12/05/2022 12:49:30: | ___  ___  ____ ___  _   _  ___    ____ ____ |
12/05/2022 12:49:30: ||[_]||[_]|  || ||^||||\V/||||^||    ||   ||  |
12/05/2022 12:49:30: |||'' ||^\\  ||  \\  || V || \\      ||   ||  |
12/05/2022 12:49:30: |||   ||  \\_||_||_||||   ||||_||   _||_ _||_ |
12/05/2022 12:49:30: |                                             |
12/05/2022 12:49:30: |Author: John Archibald Page                  |
12/05/2022 12:49:30: |Created on: 30/11/2022                       |
12/05/2022 12:49:30: |Last updated on: 30/11/2022                  |
12/05/2022 12:49:30: |_____________________________________________|
12/05/2022 12:49:30: Initiating program...
12/05/2022 12:49:30: Initiating Main window...
12/05/2022 12:50:28: _______________________________________________
12/05/2022 12:50:28: |                                             |
12/05/2022 12:50:28: | ___  ___  ____ ___  _   _  ___    ____ ____ |
12/05/2022 12:50:28: ||[_]||[_]|  || ||^||||\V/||||^||    ||   ||  |
12/05/2022 12:50:28: |||'' ||^\\  ||  \\  || V || \\      ||   ||  |
12/05/2022 12:50:28: |||   ||  \\_||_||_||||   ||||_||   _||_ _||_ |
12/05/2022 12:50:28: |                                             |
12/05/2022 12:50:28: |Author: John Archibald Page                  |
12/05/2022 12:50:28: |Created on: 30/11/2022                       |
12/05/2022 12:50:28: |Last updated on: 30/11/2022                  |
12/05/2022 12:50:28: |_____________________________________________|
12/05/2022 12:50:28: Initiating program...
12/05/2022 12:50:28: Initiating Main window...
12/05/2022 12:51:53: _______________________________________________
12/05/2022 12:51:53: |                                             |
12/05/2022 12:51:53: | ___  ___  ____ ___  _   _  ___    ____ ____ |
12/05/2022 12:51:53: ||[_]||[_]|  || ||^||||\V/||||^||    ||   ||  |
12/05/2022 12:51:53: |||'' ||^\\  ||  \\  || V || \\      ||   ||  |
12/05/2022 12:51:53: |||   ||  \\_||_||_||||   ||||_||   _||_ _||_ |
12/05/2022 12:51:53: |                                             |
12/05/2022 12:51:53: |Author: John Archibald Page                  |
12/05/2022 12:51:53: |Created on: 30/11/2022                       |
12/05/2022 12:51:53: |Last updated on: 30/11/2022                  |
12/05/2022 12:51:53: |_____________________________________________|
12/05/2022 12:51:53: Initiating program...
12/05/2022 12:51:53: Initiating Main window...
12/05/2022 12:52:39: _______________________________________________
12/05/2022 12:52:39: |                                             |
12/05/2022 12:52:39: | ___  ___  ____ ___  _   _  ___    ____ ____ |
12/05/2022 12:52:39: ||[_]||[_]|  || ||^||||\V/||||^||    ||   ||  |
12/05/2022 12:52:39: |||'' ||^\\  ||  \\  || V || \\      ||   ||  |
12/05/2022 12:52:39: |||   ||  \\_||_||_||||   ||||_||   _||_ _||_ |
12/05/2022 12:52:39: |                                             |
12/05/2022 12:52:39: |Author: John Archibald Page                  |
12/05/2022 12:52:39: |Created on: 30/11/2022                       |
12/05/2022 12:52:39: |Last updated on: 30/11/2022                  |
12/05/2022 12:52:39: |_____________________________________________|
12/05/2022 12:52:39: Initiating program...
12/05/2022 12:52:39: Initiating Main window...
12/05/2022 12:53:25: _______________________________________________
12/05/2022 12:53:25: |                                             |
12/05/2022 12:53:25: | ___  ___  ____ ___  _   _  ___    ____ ____ |
12/05/2022 12:53:25: ||[_]||[_]|  || ||^||||\V/||||^||    ||   ||  |
12/05/2022 12:53:25: |||'' ||^\\  ||  \\  || V || \\      ||   ||  |
12/05/2022 12:53:25: |||   ||  \\_||_||_||||   ||||_||   _||_ _||_ |
12/05/2022 12:53:25: |                                             |
12/05/2022 12:53:25: |Author: John Archibald Page                  |
12/05/2022 12:53:25: |Created on: 30/11/2022                       |
12/05/2022 12:53:25: |Last updated on: 30/11/2022                  |
12/05/2022 12:53:25: |_____________________________________________|
12/05/2022 12:53:25: Initiating program...
12/05/2022 12:53:25: Initiating Main window...
12/05/2022 12:53:55: _______________________________________________
12/05/2022 12:53:55: |                                             |
12/05/2022 12:53:55: | ___  ___  ____ ___  _   _  ___    ____ ____ |
12/05/2022 12:53:55: ||[_]||[_]|  || ||^||||\V/||||^||    ||   ||  |
12/05/2022 12:53:55: |||'' ||^\\  ||  \\  || V || \\      ||   ||  |
12/05/2022 12:53:55: |||   ||  \\_||_||_||||   ||||_||   _||_ _||_ |
12/05/2022 12:53:55: |                                             |
12/05/2022 12:53:55: |Author: John Archibald Page                  |
12/05/2022 12:53:55: |Created on: 30/11/2022                       |
12/05/2022 12:53:55: |Last updated on: 30/11/2022                  |
12/05/2022 12:53:55: |_____________________________________________|
12/05/2022 12:53:55: Initiating program...
12/05/2022 12:53:55: Initiating Main window...
12/05/2022 01:04:49: _______________________________________________
12/05/2022 01:04:49: |                                             |
12/05/2022 01:04:49: | ___  ___  ____ ___  _   _  ___    ____ ____ |
12/05/2022 01:04:49: ||[_]||[_]|  || ||^||||\V/||||^||    ||   ||  |
12/05/2022 01:04:49: |||'' ||^\\  ||  \\  || V || \\      ||   ||  |
12/05/2022 01:04:49: |||   ||  \\_||_||_||||   ||||_||   _||_ _||_ |
12/05/2022 01:04:49: |                                             |
12/05/2022 01:04:49: |Author: John Archibald Page                  |
12/05/2022 01:04:49: |Created on: 30/11/2022                       |
12/05/2022 01:04:49: |Last updated on: 30/11/2022                  |
12/05/2022 01:04:49: |_____________________________________________|
12/05/2022 01:04:49: Initiating program...
12/05/2022 01:04:49: Initiating Main window...
12/05/2022 01:07:04: _______________________________________________
12/05/2022 01:07:04: |                                             |
12/05/2022 01:07:04: | ___  ___  ____ ___  _   _  ___    ____ ____ |
12/05/2022 01:07:04: ||[_]||[_]|  || ||^||||\V/||||^||    ||   ||  |
12/05/2022 01:07:04: |||'' ||^\\  ||  \\  || V || \\      ||   ||  |
12/05/2022 01:07:04: |||   ||  \\_||_||_||||   ||||_||   _||_ _||_ |
12/05/2022 01:07:04: |                                             |
12/05/2022 01:07:04: |Author: John Archibald Page                  |
12/05/2022 01:07:04: |Created on: 30/11/2022                       |
12/05/2022 01:07:04: |Last updated on: 30/11/2022                  |
12/05/2022 01:07:04: |_____________________________________________|
12/05/2022 01:07:04: Initiating program...
12/05/2022 01:07:04: Initiating Main window...
12/05/2022 01:07:58: _______________________________________________
12/05/2022 01:07:58: |                                             |
12/05/2022 01:07:58: | ___  ___  ____ ___  _   _  ___    ____ ____ |
12/05/2022 01:07:58: ||[_]||[_]|  || ||^||||\V/||||^||    ||   ||  |
12/05/2022 01:07:58: |||'' ||^\\  ||  \\  || V || \\      ||   ||  |
12/05/2022 01:07:58: |||   ||  \\_||_||_||||   ||||_||   _||_ _||_ |
12/05/2022 01:07:58: |                                             |
12/05/2022 01:07:58: |Author: John Archibald Page                  |
12/05/2022 01:07:58: |Created on: 30/11/2022                       |
12/05/2022 01:07:58: |Last updated on: 30/11/2022                  |
12/05/2022 01:07:58: |_____________________________________________|
12/05/2022 01:07:58: Initiating program...
12/05/2022 01:07:58: Initiating Main window...
12/05/2022 01:09:34: _______________________________________________
12/05/2022 01:09:34: |                                             |
12/05/2022 01:09:34: | ___  ___  ____ ___  _   _  ___    ____ ____ |
12/05/2022 01:09:34: ||[_]||[_]|  || ||^||||\V/||||^||    ||   ||  |
12/05/2022 01:09:34: |||'' ||^\\  ||  \\  || V || \\      ||   ||  |
12/05/2022 01:09:34: |||   ||  \\_||_||_||||   ||||_||   _||_ _||_ |
12/05/2022 01:09:34: |                                             |
12/05/2022 01:09:34: |Author: John Archibald Page                  |
12/05/2022 01:09:34: |Created on: 30/11/2022                       |
12/05/2022 01:09:34: |Last updated on: 30/11/2022                  |
12/05/2022 01:09:34: |_____________________________________________|
12/05/2022 01:09:34: Initiating program...
12/05/2022 01:09:34: Initiating Main window...
12/05/2022 01:23:18: _______________________________________________
12/05/2022 01:23:18: |                                             |
12/05/2022 01:23:18: | ___  ___  ____ ___  _   _  ___    ____ ____ |
12/05/2022 01:23:18: ||[_]||[_]|  || ||^||||\V/||||^||    ||   ||  |
12/05/2022 01:23:18: |||'' ||^\\  ||  \\  || V || \\      ||   ||  |
12/05/2022 01:23:18: |||   ||  \\_||_||_||||   ||||_||   _||_ _||_ |
12/05/2022 01:23:18: |                                             |
12/05/2022 01:23:18: |Author: John Archibald Page                  |
12/05/2022 01:23:18: |Created on: 30/11/2022                       |
12/05/2022 01:23:18: |Last updated on: 30/11/2022                  |
12/05/2022 01:23:18: |_____________________________________________|
12/05/2022 01:23:18: Initiating program...
12/05/2022 01:23:18: Initiating Main window...
12/05/2022 01:24:54: _______________________________________________
12/05/2022 01:24:54: |                                             |
12/05/2022 01:24:54: | ___  ___  ____ ___  _   _  ___    ____ ____ |
12/05/2022 01:24:54: ||[_]||[_]|  || ||^||||\V/||||^||    ||   ||  |
12/05/2022 01:24:54: |||'' ||^\\  ||  \\  || V || \\      ||   ||  |
12/05/2022 01:24:54: |||   ||  \\_||_||_||||   ||||_||   _||_ _||_ |
12/05/2022 01:24:54: |                                             |
12/05/2022 01:24:54: |Author: John Archibald Page                  |
12/05/2022 01:24:54: |Created on: 30/11/2022                       |
12/05/2022 01:24:54: |Last updated on: 30/11/2022                  |
12/05/2022 01:24:54: |_____________________________________________|
12/05/2022 01:24:54: Initiating program...
12/05/2022 01:24:54: Initiating Main window...
12/05/2022 01:25:28: _______________________________________________
12/05/2022 01:25:28: |                                             |
12/05/2022 01:25:28: | ___  ___  ____ ___  _   _  ___    ____ ____ |
12/05/2022 01:25:28: ||[_]||[_]|  || ||^||||\V/||||^||    ||   ||  |
12/05/2022 01:25:28: |||'' ||^\\  ||  \\  || V || \\      ||   ||  |
12/05/2022 01:25:28: |||   ||  \\_||_||_||||   ||||_||   _||_ _||_ |
12/05/2022 01:25:28: |                                             |
12/05/2022 01:25:28: |Author: John Archibald Page                  |
12/05/2022 01:25:28: |Created on: 30/11/2022                       |
12/05/2022 01:25:28: |Last updated on: 30/11/2022                  |
12/05/2022 01:25:28: |_____________________________________________|
12/05/2022 01:25:28: Initiating program...
12/05/2022 01:25:28: Initiating Main window...
12/05/2022 01:26:06: _______________________________________________
12/05/2022 01:26:06: |                                             |
12/05/2022 01:26:06: | ___  ___  ____ ___  _   _  ___    ____ ____ |
12/05/2022 01:26:06: ||[_]||[_]|  || ||^||||\V/||||^||    ||   ||  |
12/05/2022 01:26:06: |||'' ||^\\  ||  \\  || V || \\      ||   ||  |
12/05/2022 01:26:06: |||   ||  \\_||_||_||||   ||||_||   _||_ _||_ |
12/05/2022 01:26:06: |                                             |
12/05/2022 01:26:06: |Author: John Archibald Page                  |
12/05/2022 01:26:06: |Created on: 30/11/2022                       |
12/05/2022 01:26:06: |Last updated on: 30/11/2022                  |
12/05/2022 01:26:06: |_____________________________________________|
12/05/2022 01:26:06: Initiating program...
12/05/2022 01:26:06: Initiating Main window...
12/05/2022 01:27:18: _______________________________________________
12/05/2022 01:27:18: |                                             |
12/05/2022 01:27:18: | ___  ___  ____ ___  _   _  ___    ____ ____ |
12/05/2022 01:27:18: ||[_]||[_]|  || ||^||||\V/||||^||    ||   ||  |
12/05/2022 01:27:18: |||'' ||^\\  ||  \\  || V || \\      ||   ||  |
12/05/2022 01:27:18: |||   ||  \\_||_||_||||   ||||_||   _||_ _||_ |
12/05/2022 01:27:18: |                                             |
12/05/2022 01:27:18: |Author: John Archibald Page                  |
12/05/2022 01:27:18: |Created on: 30/11/2022                       |
12/05/2022 01:27:18: |Last updated on: 30/11/2022                  |
12/05/2022 01:27:18: |_____________________________________________|
12/05/2022 01:27:18: Initiating program...
12/05/2022 01:27:18: Initiating Main window...
12/05/2022 01:27:20: Main window initiated successfully!
12/05/2022 01:27:20: Launch Window initiating...
12/05/2022 01:27:20: Launch Window initiated Successfully!
12/05/2022 01:27:27: Equipment Serial Port Configuration set:
12/05/2022 01:27:27: component,connected,COMS
12/05/2022 01:27:27: MainCamera,False,0
12/05/2022 01:27:27: AzimuthAltitudeStand,False,0
12/05/2022 01:27:27: Filter,False,0
12/05/2022 01:27:27: Focuser,False,0
12/05/2022 01:27:27: RGBCamera,False,0
12/05/2022 01:29:33: _______________________________________________
12/05/2022 01:29:33: |                                             |
12/05/2022 01:29:33: | ___  ___  ____ ___  _   _  ___    ____ ____ |
12/05/2022 01:29:33: ||[_]||[_]|  || ||^||||\V/||||^||    ||   ||  |
12/05/2022 01:29:33: |||'' ||^\\  ||  \\  || V || \\      ||   ||  |
12/05/2022 01:29:33: |||   ||  \\_||_||_||||   ||||_||   _||_ _||_ |
12/05/2022 01:29:33: |                                             |
12/05/2022 01:29:33: |Author: John Archibald Page                  |
12/05/2022 01:29:33: |Created on: 30/11/2022                       |
12/05/2022 01:29:33: |Last updated on: 30/11/2022                  |
12/05/2022 01:29:33: |_____________________________________________|
12/05/2022 01:29:33: Initiating program...
12/05/2022 01:29:33: Initiating Main window...
12/05/2022 01:29:34: Main window initiated successfully!
12/05/2022 01:29:34: Launch Window initiating...
12/05/2022 01:29:34: Launch Window initiated Successfully!
12/05/2022 01:29:37: Equipment Serial Port Configuration set:
12/05/2022 01:29:37: component,connected,COMS
12/05/2022 01:29:37: MainCamera,False,0
12/05/2022 01:29:37: AzimuthAltitudeStand,False,0
12/05/2022 01:29:37: Filter,False,0
12/05/2022 01:29:37: Focuser,False,0
12/05/2022 01:29:37: RGBCamera,False,0
12/05/2022 01:33:04: _______________________________________________
12/05/2022 01:33:04: |                                             |
12/05/2022 01:33:04: | ___  ___  ____ ___  _   _  ___    ____ ____ |
12/05/2022 01:33:04: ||[_]||[_]|  || ||^||||\V/||||^||    ||   ||  |
12/05/2022 01:33:04: |||'' ||^\\  ||  \\  || V || \\      ||   ||  |
12/05/2022 01:33:04: |||   ||  \\_||_||_||||   ||||_||   _||_ _||_ |
12/05/2022 01:33:04: |                                             |
12/05/2022 01:33:04: |Author: John Archibald Page                  |
12/05/2022 01:33:04: |Created on: 30/11/2022                       |
12/05/2022 01:33:04: |Last updated on: 30/11/2022                  |
12/05/2022 01:33:04: |_____________________________________________|
12/05/2022 01:33:04: Initiating program...
12/05/2022 01:33:04: Initiating Main window...
12/05/2022 01:33:04: Main window initiated successfully!
12/05/2022 01:33:04: Launch Window initiating...
12/05/2022 01:33:04: Launch Window initiated Successfully!
12/05/2022 01:33:07: Equipment Serial Port Configuration set:
12/05/2022 01:33:07: component,connected,COMS
12/05/2022 01:33:07: MainCamera,False,0
12/05/2022 01:33:07: AzimuthAltitudeStand,False,0
12/05/2022 01:33:07: Filter,False,0
12/05/2022 01:33:07: Focuser,False,0
12/05/2022 01:33:07: RGBCamera,False,0
12/05/2022 01:34:32: _______________________________________________
12/05/2022 01:34:32: |                                             |
12/05/2022 01:34:32: | ___  ___  ____ ___  _   _  ___    ____ ____ |
12/05/2022 01:34:32: ||[_]||[_]|  || ||^||||\V/||||^||    ||   ||  |
12/05/2022 01:34:32: |||'' ||^\\  ||  \\  || V || \\      ||   ||  |
12/05/2022 01:34:32: |||   ||  \\_||_||_||||   ||||_||   _||_ _||_ |
12/05/2022 01:34:32: |                                             |
12/05/2022 01:34:32: |Author: John Archibald Page                  |
12/05/2022 01:34:32: |Created on: 30/11/2022                       |
12/05/2022 01:34:32: |Last updated on: 30/11/2022                  |
12/05/2022 01:34:32: |_____________________________________________|
12/05/2022 01:34:32: Initiating program...
12/05/2022 01:34:32: Initiating Main window...
12/05/2022 01:34:33: Main window initiated successfully!
12/05/2022 01:34:33: Launch Window initiating...
12/05/2022 01:34:33: Launch Window initiated Successfully!
12/05/2022 01:34:35: Equipment Serial Port Configuration set:
12/05/2022 01:34:35: component,connected,COMS
12/05/2022 01:34:35: MainCamera,False,0
12/05/2022 01:34:35: AzimuthAltitudeStand,False,0
12/05/2022 01:34:35: Filter,False,0
12/05/2022 01:34:35: Focuser,False,0
12/05/2022 01:34:35: RGBCamera,False,0
12/05/2022 01:35:48: _______________________________________________
12/05/2022 01:35:48: |                                             |
12/05/2022 01:35:48: | ___  ___  ____ ___  _   _  ___    ____ ____ |
12/05/2022 01:35:48: ||[_]||[_]|  || ||^||||\V/||||^||    ||   ||  |
12/05/2022 01:35:48: |||'' ||^\\  ||  \\  || V || \\      ||   ||  |
12/05/2022 01:35:48: |||   ||  \\_||_||_||||   ||||_||   _||_ _||_ |
12/05/2022 01:35:48: |                                             |
12/05/2022 01:35:48: |Author: John Archibald Page                  |
12/05/2022 01:35:48: |Created on: 30/11/2022                       |
12/05/2022 01:35:48: |Last updated on: 30/11/2022                  |
12/05/2022 01:35:48: |_____________________________________________|
12/05/2022 01:35:48: Initiating program...
12/05/2022 01:35:48: Initiating Main window...
12/05/2022 01:35:48: Main window initiated successfully!
12/05/2022 01:35:48: Launch Window initiating...
12/05/2022 01:35:48: Launch Window initiated Successfully!
12/05/2022 01:35:51: Equipment Serial Port Configuration set:
12/05/2022 01:35:51: component,connected,COMS
12/05/2022 01:35:51: MainCamera,False,0
12/05/2022 01:35:51: AzimuthAltitudeStand,False,0
12/05/2022 01:35:51: Filter,False,0
12/05/2022 01:35:51: Focuser,False,0
12/05/2022 01:35:51: RGBCamera,False,0
12/05/2022 01:37:51: _______________________________________________
12/05/2022 01:37:51: |                                             |
12/05/2022 01:37:51: | ___  ___  ____ ___  _   _  ___    ____ ____ |
12/05/2022 01:37:51: ||[_]||[_]|  || ||^||||\V/||||^||    ||   ||  |
12/05/2022 01:37:51: |||'' ||^\\  ||  \\  || V || \\      ||   ||  |
12/05/2022 01:37:51: |||   ||  \\_||_||_||||   ||||_||   _||_ _||_ |
12/05/2022 01:37:51: |                                             |
12/05/2022 01:37:51: |Author: John Archibald Page                  |
12/05/2022 01:37:51: |Created on: 30/11/2022                       |
12/05/2022 01:37:51: |Last updated on: 30/11/2022                  |
12/05/2022 01:37:51: |_____________________________________________|
12/05/2022 01:37:51: Initiating program...
12/05/2022 01:37:51: Initiating Main window...
12/05/2022 01:37:52: Main window initiated successfully!
12/05/2022 01:37:52: Launch Window initiating...
12/05/2022 01:37:52: Launch Window initiated Successfully!
12/05/2022 01:37:54: Equipment Serial Port Configuration set:
12/05/2022 01:37:54: component,connected,COMS
12/05/2022 01:37:54: MainCamera,False,0
12/05/2022 01:37:54: AzimuthAltitudeStand,False,0
12/05/2022 01:37:54: Filter,False,0
12/05/2022 01:37:54: Focuser,False,0
12/05/2022 01:37:54: RGBCamera,False,0
12/05/2022 01:41:09: _______________________________________________
12/05/2022 01:41:09: |                                             |
12/05/2022 01:41:09: | ___  ___  ____ ___  _   _  ___    ____ ____ |
12/05/2022 01:41:09: ||[_]||[_]|  || ||^||||\V/||||^||    ||   ||  |
12/05/2022 01:41:09: |||'' ||^\\  ||  \\  || V || \\      ||   ||  |
12/05/2022 01:41:09: |||   ||  \\_||_||_||||   ||||_||   _||_ _||_ |
12/05/2022 01:41:09: |                                             |
12/05/2022 01:41:09: |Author: John Archibald Page                  |
12/05/2022 01:41:09: |Created on: 30/11/2022                       |
12/05/2022 01:41:09: |Last updated on: 30/11/2022                  |
12/05/2022 01:41:09: |_____________________________________________|
12/05/2022 01:41:09: Initiating program...
12/05/2022 01:41:09: Initiating Main window...
12/05/2022 01:41:09: Main window initiated successfully!
12/05/2022 01:41:09: Launch Window initiating...
12/05/2022 01:41:09: Launch Window initiated Successfully!
12/05/2022 01:41:12: Equipment Serial Port Configuration set:
12/05/2022 01:41:12: component,connected,COMS
12/05/2022 01:41:12: MainCamera,False,0
12/05/2022 01:41:12: AzimuthAltitudeStand,False,0
12/05/2022 01:41:12: Filter,False,0
12/05/2022 01:41:12: Focuser,False,0
12/05/2022 01:41:12: RGBCamera,False,0
12/05/2022 01:41:39: _______________________________________________
12/05/2022 01:41:39: |                                             |
12/05/2022 01:41:39: | ___  ___  ____ ___  _   _  ___    ____ ____ |
12/05/2022 01:41:39: ||[_]||[_]|  || ||^||||\V/||||^||    ||   ||  |
12/05/2022 01:41:39: |||'' ||^\\  ||  \\  || V || \\      ||   ||  |
12/05/2022 01:41:39: |||   ||  \\_||_||_||||   ||||_||   _||_ _||_ |
12/05/2022 01:41:39: |                                             |
12/05/2022 01:41:39: |Author: John Archibald Page                  |
12/05/2022 01:41:39: |Created on: 30/11/2022                       |
12/05/2022 01:41:39: |Last updated on: 30/11/2022                  |
12/05/2022 01:41:39: |_____________________________________________|
12/05/2022 01:41:39: Initiating program...
12/05/2022 01:41:39: Initiating Main window...
12/05/2022 01:41:40: Main window initiated successfully!
12/05/2022 01:41:40: Launch Window initiating...
12/05/2022 01:41:40: Launch Window initiated Successfully!
12/05/2022 01:41:42: Equipment Serial Port Configuration set:
12/05/2022 01:41:42: component,connected,COMS
12/05/2022 01:41:42: MainCamera,False,0
12/05/2022 01:41:42: AzimuthAltitudeStand,False,0
12/05/2022 01:41:42: Filter,False,0
12/05/2022 01:41:42: Focuser,False,0
12/05/2022 01:41:42: RGBCamera,False,0
12/05/2022 01:43:15: _______________________________________________
12/05/2022 01:43:15: |                                             |
12/05/2022 01:43:15: | ___  ___  ____ ___  _   _  ___    ____ ____ |
12/05/2022 01:43:15: ||[_]||[_]|  || ||^||||\V/||||^||    ||   ||  |
12/05/2022 01:43:15: |||'' ||^\\  ||  \\  || V || \\      ||   ||  |
12/05/2022 01:43:15: |||   ||  \\_||_||_||||   ||||_||   _||_ _||_ |
12/05/2022 01:43:15: |                                             |
12/05/2022 01:43:15: |Author: John Archibald Page                  |
12/05/2022 01:43:15: |Created on: 30/11/2022                       |
12/05/2022 01:43:15: |Last updated on: 30/11/2022                  |
12/05/2022 01:43:15: |_____________________________________________|
12/05/2022 01:43:15: Initiating program...
12/05/2022 01:43:15: Initiating Main window...
12/05/2022 01:43:16: Main window initiated successfully!
12/05/2022 01:43:16: Launch Window initiating...
12/05/2022 01:43:16: Launch Window initiated Successfully!
12/05/2022 01:43:19: Equipment Serial Port Configuration set:
12/05/2022 01:43:19: component,connected,COMS
12/05/2022 01:43:19: MainCamera,False,0
12/05/2022 01:43:19: AzimuthAltitudeStand,False,0
12/05/2022 01:43:19: Filter,False,0
12/05/2022 01:43:19: Focuser,False,0
12/05/2022 01:43:19: RGBCamera,False,0
12/05/2022 01:46:19: _______________________________________________
12/05/2022 01:46:19: |                                             |
12/05/2022 01:46:19: | ___  ___  ____ ___  _   _  ___    ____ ____ |
12/05/2022 01:46:19: ||[_]||[_]|  || ||^||||\V/||||^||    ||   ||  |
12/05/2022 01:46:19: |||'' ||^\\  ||  \\  || V || \\      ||   ||  |
12/05/2022 01:46:19: |||   ||  \\_||_||_||||   ||||_||   _||_ _||_ |
12/05/2022 01:46:19: |                                             |
12/05/2022 01:46:19: |Author: John Archibald Page                  |
12/05/2022 01:46:19: |Created on: 30/11/2022                       |
12/05/2022 01:46:19: |Last updated on: 30/11/2022                  |
12/05/2022 01:46:19: |_____________________________________________|
12/05/2022 01:46:19: Initiating program...
12/05/2022 01:46:19: Initiating Main window...
12/05/2022 01:46:19: Main window initiated successfully!
12/05/2022 01:46:19: Launch Window initiating...
12/05/2022 01:46:19: Launch Window initiated Successfully!
12/05/2022 01:46:22: Equipment Serial Port Configuration set:
12/05/2022 01:46:22: component,connected,COMS
12/05/2022 01:46:22: MainCamera,False,0
12/05/2022 01:46:22: AzimuthAltitudeStand,False,0
12/05/2022 01:46:22: Filter,False,0
12/05/2022 01:46:22: Focuser,False,0
12/05/2022 01:46:22: RGBCamera,False,0
12/05/2022 01:53:01: _______________________________________________
12/05/2022 01:53:01: |                                             |
12/05/2022 01:53:01: | ___  ___  ____ ___  _   _  ___    ____ ____ |
12/05/2022 01:53:01: ||[_]||[_]|  || ||^||||\V/||||^||    ||   ||  |
12/05/2022 01:53:01: |||'' ||^\\  ||  \\  || V || \\      ||   ||  |
12/05/2022 01:53:01: |||   ||  \\_||_||_||||   ||||_||   _||_ _||_ |
12/05/2022 01:53:01: |                                             |
12/05/2022 01:53:01: |Author: John Archibald Page                  |
12/05/2022 01:53:01: |Created on: 30/11/2022                       |
12/05/2022 01:53:01: |Last updated on: 30/11/2022                  |
12/05/2022 01:53:01: |_____________________________________________|
12/05/2022 01:53:01: Initiating program...
12/05/2022 01:53:01: Initiating Main window...
12/05/2022 01:54:01: _______________________________________________
12/05/2022 01:54:01: |                                             |
12/05/2022 01:54:01: | ___  ___  ____ ___  _   _  ___    ____ ____ |
12/05/2022 01:54:01: ||[_]||[_]|  || ||^||||\V/||||^||    ||   ||  |
12/05/2022 01:54:01: |||'' ||^\\  ||  \\  || V || \\      ||   ||  |
12/05/2022 01:54:01: |||   ||  \\_||_||_||||   ||||_||   _||_ _||_ |
12/05/2022 01:54:01: |                                             |
12/05/2022 01:54:01: |Author: John Archibald Page                  |
12/05/2022 01:54:01: |Created on: 30/11/2022                       |
12/05/2022 01:54:01: |Last updated on: 30/11/2022                  |
12/05/2022 01:54:01: |_____________________________________________|
12/05/2022 01:54:01: Initiating program...
12/05/2022 01:54:01: Initiating Main window...
12/05/2022 01:56:12: _______________________________________________
12/05/2022 01:56:12: |                                             |
12/05/2022 01:56:12: | ___  ___  ____ ___  _   _  ___    ____ ____ |
12/05/2022 01:56:12: ||[_]||[_]|  || ||^||||\V/||||^||    ||   ||  |
12/05/2022 01:56:12: |||'' ||^\\  ||  \\  || V || \\      ||   ||  |
12/05/2022 01:56:12: |||   ||  \\_||_||_||||   ||||_||   _||_ _||_ |
12/05/2022 01:56:12: |                                             |
12/05/2022 01:56:12: |Author: John Archibald Page                  |
12/05/2022 01:56:12: |Created on: 30/11/2022                       |
12/05/2022 01:56:12: |Last updated on: 30/11/2022                  |
12/05/2022 01:56:12: |_____________________________________________|
12/05/2022 01:56:12: Initiating program...
12/05/2022 01:56:12: Initiating Main window...
12/05/2022 01:56:13: Main window initiated successfully!
12/05/2022 01:56:13: Launch Window initiating...
12/05/2022 01:56:13: Launch Window initiated Successfully!
12/05/2022 01:56:16: Equipment Serial Port Configuration set:
12/05/2022 01:56:16: component,connected,COMS
12/05/2022 01:56:16: MainCamera,False,0
12/05/2022 01:56:16: AzimuthAltitudeStand,False,0
12/05/2022 01:56:16: Filter,False,0
12/05/2022 01:56:16: Focuser,False,0
12/05/2022 01:56:16: RGBCamera,False,0
12/05/2022 01:59:37: _______________________________________________
12/05/2022 01:59:37: |                                             |
12/05/2022 01:59:37: | ___  ___  ____ ___  _   _  ___    ____ ____ |
12/05/2022 01:59:37: ||[_]||[_]|  || ||^||||\V/||||^||    ||   ||  |
12/05/2022 01:59:37: |||'' ||^\\  ||  \\  || V || \\      ||   ||  |
12/05/2022 01:59:37: |||   ||  \\_||_||_||||   ||||_||   _||_ _||_ |
12/05/2022 01:59:37: |                                             |
12/05/2022 01:59:37: |Author: John Archibald Page                  |
12/05/2022 01:59:37: |Created on: 30/11/2022                       |
12/05/2022 01:59:37: |Last updated on: 30/11/2022                  |
12/05/2022 01:59:37: |_____________________________________________|
12/05/2022 01:59:37: Initiating program...
12/05/2022 01:59:37: Initiating Main window...
12/05/2022 01:59:38: Main window initiated successfully!
12/05/2022 01:59:38: Launch Window initiating...
12/05/2022 01:59:38: Launch Window initiated Successfully!
12/05/2022 01:59:41: Equipment Serial Port Configuration set:
12/05/2022 01:59:41: component,connected,COMS
12/05/2022 01:59:41: MainCamera,False,0
12/05/2022 01:59:41: AzimuthAltitudeStand,False,0
12/05/2022 01:59:41: Filter,False,0
12/05/2022 01:59:41: Focuser,False,0
12/05/2022 01:59:41: RGBCamera,False,0
12/05/2022 02:03:14: _______________________________________________
12/05/2022 02:03:14: |                                             |
12/05/2022 02:03:14: | ___  ___  ____ ___  _   _  ___    ____ ____ |
12/05/2022 02:03:14: ||[_]||[_]|  || ||^||||\V/||||^||    ||   ||  |
12/05/2022 02:03:14: |||'' ||^\\  ||  \\  || V || \\      ||   ||  |
12/05/2022 02:03:14: |||   ||  \\_||_||_||||   ||||_||   _||_ _||_ |
12/05/2022 02:03:14: |                                             |
12/05/2022 02:03:14: |Author: John Archibald Page                  |
12/05/2022 02:03:14: |Created on: 30/11/2022                       |
12/05/2022 02:03:14: |Last updated on: 30/11/2022                  |
12/05/2022 02:03:14: |_____________________________________________|
12/05/2022 02:03:14: Initiating program...
12/05/2022 02:03:14: Initiating Main window...
12/05/2022 02:03:15: Main window initiated successfully!
12/05/2022 02:03:15: Launch Window initiating...
12/05/2022 02:03:15: Launch Window initiated Successfully!
12/05/2022 02:03:19: Equipment Serial Port Configuration set:
12/05/2022 02:03:19: component,connected,COMS
12/05/2022 02:03:19: MainCamera,False,0
12/05/2022 02:03:19: AzimuthAltitudeStand,False,0
12/05/2022 02:03:19: Filter,False,0
12/05/2022 02:03:19: Focuser,False,0
12/05/2022 02:03:19: RGBCamera,False,0
12/05/2022 02:03:42: _______________________________________________
12/05/2022 02:03:42: |                                             |
12/05/2022 02:03:42: | ___  ___  ____ ___  _   _  ___    ____ ____ |
12/05/2022 02:03:42: ||[_]||[_]|  || ||^||||\V/||||^||    ||   ||  |
12/05/2022 02:03:42: |||'' ||^\\  ||  \\  || V || \\      ||   ||  |
12/05/2022 02:03:42: |||   ||  \\_||_||_||||   ||||_||   _||_ _||_ |
12/05/2022 02:03:42: |                                             |
12/05/2022 02:03:42: |Author: John Archibald Page                  |
12/05/2022 02:03:42: |Created on: 30/11/2022                       |
12/05/2022 02:03:42: |Last updated on: 30/11/2022                  |
12/05/2022 02:03:42: |_____________________________________________|
12/05/2022 02:03:42: Initiating program...
12/05/2022 02:03:42: Initiating Main window...
12/05/2022 02:03:42: Main window initiated successfully!
12/05/2022 02:03:42: Launch Window initiating...
12/05/2022 02:03:42: Launch Window initiated Successfully!
12/05/2022 02:32:30: _______________________________________________
12/05/2022 02:32:30: |                                             |
12/05/2022 02:32:30: | ___  ___  ____ ___  _   _  ___    ____ ____ |
12/05/2022 02:32:30: ||[_]||[_]|  || ||^||||\V/||||^||    ||   ||  |
12/05/2022 02:32:30: |||'' ||^\\  ||  \\  || V || \\      ||   ||  |
12/05/2022 02:32:30: |||   ||  \\_||_||_||||   ||||_||   _||_ _||_ |
12/05/2022 02:32:30: |                                             |
12/05/2022 02:32:30: |Author: John Archibald Page                  |
12/05/2022 02:32:30: |Created on: 30/11/2022                       |
12/05/2022 02:32:30: |Last updated on: 30/11/2022                  |
12/05/2022 02:32:30: |_____________________________________________|
12/05/2022 02:32:30: Initiating program...
12/05/2022 02:32:30: Initiating Main window...
12/05/2022 02:32:33: _______________________________________________
12/05/2022 02:32:33: |                                             |
12/05/2022 02:32:33: | ___  ___  ____ ___  _   _  ___    ____ ____ |
12/05/2022 02:32:33: ||[_]||[_]|  || ||^||||\V/||||^||    ||   ||  |
12/05/2022 02:32:33: |||'' ||^\\  ||  \\  || V || \\      ||   ||  |
12/05/2022 02:32:33: |||   ||  \\_||_||_||||   ||||_||   _||_ _||_ |
12/05/2022 02:32:33: |                                             |
12/05/2022 02:32:33: |Author: John Archibald Page                  |
12/05/2022 02:32:33: |Created on: 30/11/2022                       |
12/05/2022 02:32:33: |Last updated on: 30/11/2022                  |
12/05/2022 02:32:33: |_____________________________________________|
12/05/2022 02:32:33: Initiating program...
12/05/2022 02:32:33: Initiating Main window...
12/05/2022 02:32:34: _______________________________________________
12/05/2022 02:32:34: |                                             |
12/05/2022 02:32:34: | ___  ___  ____ ___  _   _  ___    ____ ____ |
12/05/2022 02:32:34: ||[_]||[_]|  || ||^||||\V/||||^||    ||   ||  |
12/05/2022 02:32:34: |||'' ||^\\  ||  \\  || V || \\      ||   ||  |
12/05/2022 02:32:34: |||   ||  \\_||_||_||||   ||||_||   _||_ _||_ |
12/05/2022 02:32:34: |                                             |
12/05/2022 02:32:34: |Author: John Archibald Page                  |
12/05/2022 02:32:34: |Created on: 30/11/2022                       |
12/05/2022 02:32:34: |Last updated on: 30/11/2022                  |
12/05/2022 02:32:34: |_____________________________________________|
12/05/2022 02:32:34: Initiating program...
12/05/2022 02:32:34: Initiating Main window...
12/05/2022 02:49:09: _______________________________________________
12/05/2022 02:49:09: |                                             |
12/05/2022 02:49:09: | ___  ___  ____ ___  _   _  ___    ____ ____ |
12/05/2022 02:49:09: ||[_]||[_]|  || ||^||||\V/||||^||    ||   ||  |
12/05/2022 02:49:09: |||'' ||^\\  ||  \\  || V || \\      ||   ||  |
12/05/2022 02:49:09: |||   ||  \\_||_||_||||   ||||_||   _||_ _||_ |
12/05/2022 02:49:09: |                                             |
12/05/2022 02:49:09: |Author: John Archibald Page                  |
12/05/2022 02:49:09: |Created on: 30/11/2022                       |
12/05/2022 02:49:09: |Last updated on: 30/11/2022                  |
12/05/2022 02:49:09: |_____________________________________________|
12/05/2022 02:49:09: Initiating program...
12/05/2022 02:49:09: Initiating Main window...
12/05/2022 02:51:36: _______________________________________________
12/05/2022 02:51:36: |                                             |
12/05/2022 02:51:36: | ___  ___  ____ ___  _   _  ___    ____ ____ |
12/05/2022 02:51:36: ||[_]||[_]|  || ||^||||\V/||||^||    ||   ||  |
12/05/2022 02:51:36: |||'' ||^\\  ||  \\  || V || \\      ||   ||  |
12/05/2022 02:51:36: |||   ||  \\_||_||_||||   ||||_||   _||_ _||_ |
12/05/2022 02:51:36: |                                             |
12/05/2022 02:51:36: |Author: John Archibald Page                  |
12/05/2022 02:51:36: |Created on: 30/11/2022                       |
12/05/2022 02:51:36: |Last updated on: 30/11/2022                  |
12/05/2022 02:51:36: |_____________________________________________|
12/05/2022 02:51:36: Initiating program...
12/05/2022 02:51:36: Initiating Main window...
12/05/2022 02:56:41: _______________________________________________
12/05/2022 02:56:41: |                                             |
12/05/2022 02:56:41: | ___  ___  ____ ___  _   _  ___    ____ ____ |
12/05/2022 02:56:41: ||[_]||[_]|  || ||^||||\V/||||^||    ||   ||  |
12/05/2022 02:56:41: |||'' ||^\\  ||  \\  || V || \\      ||   ||  |
12/05/2022 02:56:41: |||   ||  \\_||_||_||||   ||||_||   _||_ _||_ |
12/05/2022 02:56:41: |                                             |
12/05/2022 02:56:41: |Author: John Archibald Page                  |
12/05/2022 02:56:41: |Created on: 30/11/2022                       |
12/05/2022 02:56:41: |Last updated on: 30/11/2022                  |
12/05/2022 02:56:41: |_____________________________________________|
12/05/2022 02:56:41: Initiating program...
12/05/2022 02:56:41: Initiating Main window...
12/05/2022 02:57:45: _______________________________________________
12/05/2022 02:57:45: |                                             |
12/05/2022 02:57:45: | ___  ___  ____ ___  _   _  ___    ____ ____ |
12/05/2022 02:57:45: ||[_]||[_]|  || ||^||||\V/||||^||    ||   ||  |
12/05/2022 02:57:45: |||'' ||^\\  ||  \\  || V || \\      ||   ||  |
12/05/2022 02:57:45: |||   ||  \\_||_||_||||   ||||_||   _||_ _||_ |
12/05/2022 02:57:45: |                                             |
12/05/2022 02:57:45: |Author: John Archibald Page                  |
12/05/2022 02:57:45: |Created on: 30/11/2022                       |
12/05/2022 02:57:45: |Last updated on: 30/11/2022                  |
12/05/2022 02:57:45: |_____________________________________________|
12/05/2022 02:57:45: Initiating program...
12/05/2022 02:57:45: Initiating Main window...
12/05/2022 02:57:46: Main window initiated successfully!
12/05/2022 02:57:46: Launch Window initiating...
12/05/2022 02:57:46: Launch Window initiated Successfully!
12/05/2022 02:58:07: Equipment Serial Port Configuration set:
12/05/2022 02:58:07: component,connected,COMS
12/05/2022 02:58:07: MainCamera,False,0
12/05/2022 02:58:07: AzimuthAltitudeStand,True,1
12/05/2022 02:58:07: Filter,True,2
12/05/2022 02:58:07: Focuser,True,0
12/05/2022 02:58:07: RGBCamera,False,0
12/05/2022 02:58:23: _______________________________________________
12/05/2022 02:58:23: |                                             |
12/05/2022 02:58:23: | ___  ___  ____ ___  _   _  ___    ____ ____ |
12/05/2022 02:58:23: ||[_]||[_]|  || ||^||||\V/||||^||    ||   ||  |
12/05/2022 02:58:23: |||'' ||^\\  ||  \\  || V || \\      ||   ||  |
12/05/2022 02:58:23: |||   ||  \\_||_||_||||   ||||_||   _||_ _||_ |
12/05/2022 02:58:23: |                                             |
12/05/2022 02:58:23: |Author: John Archibald Page                  |
12/05/2022 02:58:23: |Created on: 30/11/2022                       |
12/05/2022 02:58:23: |Last updated on: 30/11/2022                  |
12/05/2022 02:58:23: |_____________________________________________|
12/05/2022 02:58:23: Initiating program...
12/05/2022 02:58:24: Initiating Main window...
12/05/2022 02:58:24: Main window initiated successfully!
12/05/2022 02:58:24: Launch Window initiating...
12/05/2022 02:58:24: Launch Window initiated Successfully!
12/05/2022 02:58:28: Equipment Serial Port Configuration set:
12/05/2022 02:58:28: component,connected,COMS
12/05/2022 02:58:28: MainCamera,False,0
12/05/2022 02:58:28: AzimuthAltitudeStand,False,0
12/05/2022 02:58:28: Filter,False,0
12/05/2022 02:58:28: Focuser,False,0
12/05/2022 02:58:28: RGBCamera,False,0
12/05/2022 02:59:48: _______________________________________________
12/05/2022 02:59:48: |                                             |
12/05/2022 02:59:48: | ___  ___  ____ ___  _   _  ___    ____ ____ |
12/05/2022 02:59:48: ||[_]||[_]|  || ||^||||\V/||||^||    ||   ||  |
12/05/2022 02:59:48: |||'' ||^\\  ||  \\  || V || \\      ||   ||  |
12/05/2022 02:59:48: |||   ||  \\_||_||_||||   ||||_||   _||_ _||_ |
12/05/2022 02:59:48: |                                             |
12/05/2022 02:59:48: |Author: John Archibald Page                  |
12/05/2022 02:59:48: |Created on: 30/11/2022                       |
12/05/2022 02:59:48: |Last updated on: 30/11/2022                  |
12/05/2022 02:59:48: |_____________________________________________|
12/05/2022 02:59:48: Initiating program...
12/05/2022 02:59:48: Initiating Main window...
12/05/2022 02:59:49: Main window initiated successfully!
12/05/2022 02:59:49: Launch Window initiating...
12/05/2022 02:59:49: Launch Window initiated Successfully!
12/05/2022 02:59:51: Equipment Serial Port Configuration set:
12/05/2022 02:59:51: component,connected,COMS
12/05/2022 02:59:51: MainCamera,False,0
12/05/2022 02:59:51: AzimuthAltitudeStand,False,0
12/05/2022 02:59:51: Filter,False,0
12/05/2022 02:59:51: Focuser,False,0
12/05/2022 02:59:51: RGBCamera,False,0
12/05/2022 03:01:10: _______________________________________________
12/05/2022 03:01:10: |                                             |
12/05/2022 03:01:10: | ___  ___  ____ ___  _   _  ___    ____ ____ |
12/05/2022 03:01:10: ||[_]||[_]|  || ||^||||\V/||||^||    ||   ||  |
12/05/2022 03:01:10: |||'' ||^\\  ||  \\  || V || \\      ||   ||  |
12/05/2022 03:01:10: |||   ||  \\_||_||_||||   ||||_||   _||_ _||_ |
12/05/2022 03:01:10: |                                             |
12/05/2022 03:01:10: |Author: John Archibald Page                  |
12/05/2022 03:01:10: |Created on: 30/11/2022                       |
12/05/2022 03:01:10: |Last updated on: 30/11/2022                  |
12/05/2022 03:01:10: |_____________________________________________|
12/05/2022 03:01:10: Initiating program...
12/05/2022 03:01:10: Initiating Main window...
12/05/2022 03:01:11: Main window initiated successfully!
12/05/2022 03:01:11: Launch Window initiating...
12/05/2022 03:01:11: Launch Window initiated Successfully!
12/05/2022 03:01:28: Equipment Serial Port Configuration set:
12/05/2022 03:01:28: component,connected,COMS
12/05/2022 03:01:28: MainCamera,False,0
12/05/2022 03:01:28: AzimuthAltitudeStand,False,0
12/05/2022 03:01:28: Filter,False,0
12/05/2022 03:01:28: Focuser,False,0
12/05/2022 03:01:28: RGBCamera,False,0
12/05/2022 03:02:49: _______________________________________________
12/05/2022 03:02:49: |                                             |
12/05/2022 03:02:49: | ___  ___  ____ ___  _   _  ___    ____ ____ |
12/05/2022 03:02:49: ||[_]||[_]|  || ||^||||\V/||||^||    ||   ||  |
12/05/2022 03:02:49: |||'' ||^\\  ||  \\  || V || \\      ||   ||  |
12/05/2022 03:02:49: |||   ||  \\_||_||_||||   ||||_||   _||_ _||_ |
12/05/2022 03:02:49: |                                             |
12/05/2022 03:02:49: |Author: John Archibald Page                  |
12/05/2022 03:02:49: |Created on: 30/11/2022                       |
12/05/2022 03:02:49: |Last updated on: 30/11/2022                  |
12/05/2022 03:02:49: |_____________________________________________|
12/05/2022 03:02:49: Initiating program...
12/05/2022 03:02:49: Initiating Main window...
12/05/2022 03:02:49: Main window initiated successfully!
12/05/2022 03:02:49: Launch Window initiating...
12/05/2022 03:02:49: Launch Window initiated Successfully!
12/05/2022 03:04:27: _______________________________________________
12/05/2022 03:04:27: |                                             |
12/05/2022 03:04:27: | ___  ___  ____ ___  _   _  ___    ____ ____ |
12/05/2022 03:04:27: ||[_]||[_]|  || ||^||||\V/||||^||    ||   ||  |
12/05/2022 03:04:27: |||'' ||^\\  ||  \\  || V || \\      ||   ||  |
12/05/2022 03:04:27: |||   ||  \\_||_||_||||   ||||_||   _||_ _||_ |
12/05/2022 03:04:27: |                                             |
12/05/2022 03:04:27: |Author: John Archibald Page                  |
12/05/2022 03:04:27: |Created on: 30/11/2022                       |
12/05/2022 03:04:27: |Last updated on: 30/11/2022                  |
12/05/2022 03:04:27: |_____________________________________________|
12/05/2022 03:04:27: Initiating program...
12/05/2022 03:04:27: Initiating Main window...
12/05/2022 03:04:27: Main window initiated successfully!
12/05/2022 03:04:27: Launch Window initiating...
12/05/2022 03:04:27: Launch Window initiated Successfully!
12/05/2022 03:04:31: Equipment Serial Port Configuration set:
12/05/2022 03:04:31: component,connected,COMS
12/05/2022 03:04:31: MainCamera,False,0
12/05/2022 03:04:31: AzimuthAltitudeStand,False,0
12/05/2022 03:04:31: Filter,False,0
12/05/2022 03:04:31: Focuser,False,0
12/05/2022 03:04:31: RGBCamera,False,0
12/05/2022 03:14:16: _______________________________________________
12/05/2022 03:14:16: |                                             |
12/05/2022 03:14:16: | ___  ___  ____ ___  _   _  ___    ____ ____ |
12/05/2022 03:14:16: ||[_]||[_]|  || ||^||||\V/||||^||    ||   ||  |
12/05/2022 03:14:16: |||'' ||^\\  ||  \\  || V || \\      ||   ||  |
12/05/2022 03:14:16: |||   ||  \\_||_||_||||   ||||_||   _||_ _||_ |
12/05/2022 03:14:16: |                                             |
12/05/2022 03:14:16: |Author: John Archibald Page                  |
12/05/2022 03:14:16: |Created on: 30/11/2022                       |
12/05/2022 03:14:16: |Last updated on: 30/11/2022                  |
12/05/2022 03:14:16: |_____________________________________________|
12/05/2022 03:14:16: Initiating program...
12/05/2022 03:14:16: Launch Window initiating...
12/05/2022 03:14:16: Launch Window initiated Successfully!
12/05/2022 03:14:19: Equipment Serial Port Configuration set:
12/05/2022 03:14:19: component,connected,COMS
12/05/2022 03:14:19: MainCamera,False,0
12/05/2022 03:14:19: AzimuthAltitudeStand,False,0
12/05/2022 03:14:19: Filter,False,0
12/05/2022 03:14:19: Focuser,False,0
12/05/2022 03:14:19: RGBCamera,False,0
12/05/2022 03:14:19: Initiating Main window...
12/05/2022 03:14:19: Main window initiated successfully!
12/05/2022 03:14:26: _______________________________________________
12/05/2022 03:14:26: |                                             |
12/05/2022 03:14:26: | ___  ___  ____ ___  _   _  ___    ____ ____ |
12/05/2022 03:14:26: ||[_]||[_]|  || ||^||||\V/||||^||    ||   ||  |
12/05/2022 03:14:26: |||'' ||^\\  ||  \\  || V || \\      ||   ||  |
12/05/2022 03:14:26: |||   ||  \\_||_||_||||   ||||_||   _||_ _||_ |
12/05/2022 03:14:26: |                                             |
12/05/2022 03:14:26: |Author: John Archibald Page                  |
12/05/2022 03:14:26: |Created on: 30/11/2022                       |
12/05/2022 03:14:26: |Last updated on: 30/11/2022                  |
12/05/2022 03:14:26: |_____________________________________________|
12/05/2022 03:14:26: Initiating program...
12/05/2022 03:14:26: Launch Window initiating...
12/05/2022 03:14:26: Launch Window initiated Successfully!
12/05/2022 03:14:37: Equipment Serial Port Configuration set:
12/05/2022 03:14:37: component,connected,COMS
12/05/2022 03:14:37: MainCamera,False,0
12/05/2022 03:14:37: AzimuthAltitudeStand,True,0
12/05/2022 03:14:37: Filter,True,2
12/05/2022 03:14:37: Focuser,True,1
12/05/2022 03:14:37: RGBCamera,False,0
12/05/2022 03:14:37: Initiating Main window...
12/05/2022 03:14:38: Main window initiated successfully!
12/05/2022 03:14:49: _______________________________________________
12/05/2022 03:14:49: |                                             |
12/05/2022 03:14:49: | ___  ___  ____ ___  _   _  ___    ____ ____ |
12/05/2022 03:14:49: ||[_]||[_]|  || ||^||||\V/||||^||    ||   ||  |
12/05/2022 03:14:49: |||'' ||^\\  ||  \\  || V || \\      ||   ||  |
12/05/2022 03:14:49: |||   ||  \\_||_||_||||   ||||_||   _||_ _||_ |
12/05/2022 03:14:49: |                                             |
12/05/2022 03:14:49: |Author: John Archibald Page                  |
12/05/2022 03:14:49: |Created on: 30/11/2022                       |
12/05/2022 03:14:49: |Last updated on: 30/11/2022                  |
12/05/2022 03:14:49: |_____________________________________________|
12/05/2022 03:14:49: Initiating program...
12/05/2022 03:14:49: Launch Window initiating...
12/05/2022 03:14:49: Launch Window initiated Successfully!
12/05/2022 03:14:52: Equipment Serial Port Configuration set:
12/05/2022 03:14:52: component,connected,COMS
12/05/2022 03:14:52: MainCamera,False,0
12/05/2022 03:14:52: AzimuthAltitudeStand,False,0
12/05/2022 03:14:52: Filter,False,0
12/05/2022 03:14:52: Focuser,False,0
12/05/2022 03:14:52: RGBCamera,False,0
12/05/2022 03:14:52: Initiating Main window...
12/05/2022 03:14:53: Main window initiated successfully!
12/05/2022 03:15:00: _______________________________________________
12/05/2022 03:15:00: |                                             |
12/05/2022 03:15:00: | ___  ___  ____ ___  _   _  ___    ____ ____ |
12/05/2022 03:15:00: ||[_]||[_]|  || ||^||||\V/||||^||    ||   ||  |
12/05/2022 03:15:00: |||'' ||^\\  ||  \\  || V || \\      ||   ||  |
12/05/2022 03:15:00: |||   ||  \\_||_||_||||   ||||_||   _||_ _||_ |
12/05/2022 03:15:00: |                                             |
12/05/2022 03:15:00: |Author: John Archibald Page                  |
12/05/2022 03:15:00: |Created on: 30/11/2022                       |
12/05/2022 03:15:00: |Last updated on: 30/11/2022                  |
12/05/2022 03:15:00: |_____________________________________________|
12/05/2022 03:15:00: Initiating program...
12/05/2022 03:15:00: Launch Window initiating...
12/05/2022 03:15:00: Launch Window initiated Successfully!
12/05/2022 03:15:15: Equipment Serial Port Configuration set:
12/05/2022 03:15:15: component,connected,COMS
12/05/2022 03:15:15: MainCamera,True,0
12/05/2022 03:15:15: AzimuthAltitudeStand,False,0
12/05/2022 03:15:15: Filter,False,0
12/05/2022 03:15:15: Focuser,False,0
12/05/2022 03:15:15: RGBCamera,False,0
12/05/2022 03:15:15: Initiating Main window...
12/05/2022 03:15:15: Main window initiated successfully!
12/05/2022 03:16:46: _______________________________________________
12/05/2022 03:16:46: |                                             |
12/05/2022 03:16:46: | ___  ___  ____ ___  _   _  ___    ____ ____ |
12/05/2022 03:16:46: ||[_]||[_]|  || ||^||||\V/||||^||    ||   ||  |
12/05/2022 03:16:46: |||'' ||^\\  ||  \\  || V || \\      ||   ||  |
12/05/2022 03:16:46: |||   ||  \\_||_||_||||   ||||_||   _||_ _||_ |
12/05/2022 03:16:46: |                                             |
12/05/2022 03:16:46: |Author: John Archibald Page                  |
12/05/2022 03:16:46: |Created on: 30/11/2022                       |
12/05/2022 03:16:46: |Last updated on: 30/11/2022                  |
12/05/2022 03:16:46: |_____________________________________________|
12/05/2022 03:16:46: Initiating program...
12/05/2022 03:16:46: Launch Window initiating...
12/05/2022 03:16:46: Launch Window initiated Successfully!
12/05/2022 03:17:01: Equipment Serial Port Configuration set:
12/05/2022 03:17:01: component,connected,COMS
12/05/2022 03:17:01: MainCamera,False,0
12/05/2022 03:17:01: AzimuthAltitudeStand,False,0
12/05/2022 03:17:01: Filter,False,0
12/05/2022 03:17:01: Focuser,True,1
12/05/2022 03:17:01: RGBCamera,True,0
12/05/2022 03:17:01: Initiating Main window...
12/05/2022 03:17:01: Main window initiated successfully!
12/05/2022 04:03:56: _______________________________________________
12/05/2022 04:03:56: |                                             |
12/05/2022 04:03:56: | ___  ___  ____ ___  _   _  ___    ____ ____ |
12/05/2022 04:03:56: ||[_]||[_]|  || ||^||||\V/||||^||    ||   ||  |
12/05/2022 04:03:56: |||'' ||^\\  ||  \\  || V || \\      ||   ||  |
12/05/2022 04:03:56: |||   ||  \\_||_||_||||   ||||_||   _||_ _||_ |
12/05/2022 04:03:56: |                                             |
12/05/2022 04:03:56: |Author: John Archibald Page                  |
12/05/2022 04:03:56: |Created on: 30/11/2022                       |
12/05/2022 04:03:56: |Last updated on: 30/11/2022                  |
12/05/2022 04:03:56: |_____________________________________________|
12/05/2022 04:03:56: Initiating program...
12/05/2022 04:03:56: Launch Window initiating...
12/05/2022 04:03:56: Launch Window initiated Successfully!
12/05/2022 04:04:00: Equipment Serial Port Configuration set:
12/05/2022 04:04:00: component,connected,COMS
12/05/2022 04:04:00: MainCamera,False,0
12/05/2022 04:04:00: AzimuthAltitudeStand,False,0
12/05/2022 04:04:00: Filter,False,0
12/05/2022 04:04:00: Focuser,False,0
12/05/2022 04:04:00: RGBCamera,False,0
12/05/2022 04:04:00: Initiating Main window...
12/05/2022 04:04:01: Main window initiated successfully!
12/05/2022 04:48:43: _______________________________________________
12/05/2022 04:48:43: |                                             |
12/05/2022 04:48:43: | ___  ___  ____ ___  _   _  ___    ____ ____ |
12/05/2022 04:48:43: ||[_]||[_]|  || ||^||||\V/||||^||    ||   ||  |
12/05/2022 04:48:43: |||'' ||^\\  ||  \\  || V || \\      ||   ||  |
12/05/2022 04:48:43: |||   ||  \\_||_||_||||   ||||_||   _||_ _||_ |
12/05/2022 04:48:43: |                                             |
12/05/2022 04:48:43: |Author: John Archibald Page                  |
12/05/2022 04:48:43: |Created on: 30/11/2022                       |
12/05/2022 04:48:43: |Last updated on: 30/11/2022                  |
12/05/2022 04:48:43: |_____________________________________________|
12/05/2022 04:48:43: Initiating program...
12/05/2022 04:48:43: Launch Window initiating...
12/05/2022 04:48:43: Launch Window initiated Successfully!
12/05/2022 04:48:47: Equipment Serial Port Configuration set:
12/05/2022 04:48:47: component,connected,COMS
12/05/2022 04:48:47: MainCamera,False,0
12/05/2022 04:48:47: AzimuthAltitudeStand,False,0
12/05/2022 04:48:47: Filter,False,0
12/05/2022 04:48:47: Focuser,False,0
12/05/2022 04:48:47: RGBCamera,False,0
12/05/2022 04:48:47: Initiating Main window...
12/05/2022 04:48:48: Main window initiated successfully!
12/05/2022 04:53:39: _______________________________________________
12/05/2022 04:53:39: |                                             |
12/05/2022 04:53:39: | ___  ___  ____ ___  _   _  ___    ____ ____ |
12/05/2022 04:53:39: ||[_]||[_]|  || ||^||||\V/||||^||    ||   ||  |
12/05/2022 04:53:39: |||'' ||^\\  ||  \\  || V || \\      ||   ||  |
12/05/2022 04:53:39: |||   ||  \\_||_||_||||   ||||_||   _||_ _||_ |
12/05/2022 04:53:39: |                                             |
12/05/2022 04:53:39: |Author: John Archibald Page                  |
12/05/2022 04:53:39: |Created on: 30/11/2022                       |
12/05/2022 04:53:39: |Last updated on: 30/11/2022                  |
12/05/2022 04:53:39: |_____________________________________________|
12/05/2022 04:53:39: Initiating program...
12/05/2022 04:53:39: Launch Window initiating...
12/05/2022 04:53:39: Launch Window initiated Successfully!
12/05/2022 05:07:07: _______________________________________________
12/05/2022 05:07:07: |                                             |
12/05/2022 05:07:07: | ___  ___  ____ ___  _   _  ___    ____ ____ |
12/05/2022 05:07:07: ||[_]||[_]|  || ||^||||\V/||||^||    ||   ||  |
12/05/2022 05:07:07: |||'' ||^\\  ||  \\  || V || \\      ||   ||  |
12/05/2022 05:07:07: |||   ||  \\_||_||_||||   ||||_||   _||_ _||_ |
12/05/2022 05:07:07: |                                             |
12/05/2022 05:07:07: |Author: John Archibald Page                  |
12/05/2022 05:07:07: |Created on: 30/11/2022                       |
12/05/2022 05:07:07: |Last updated on: 30/11/2022                  |
12/05/2022 05:07:07: |_____________________________________________|
12/05/2022 05:07:07: Initiating program...
12/05/2022 05:07:07: Launch Window initiating...
12/05/2022 05:07:07: Launch Window initiated Successfully!
12/05/2022 05:07:11: Equipment Serial Port Configuration set:
12/05/2022 05:07:11: component,connected,COMS
12/05/2022 05:07:11: MainCamera,False,0
12/05/2022 05:07:11: AzimuthAltitudeStand,False,0
12/05/2022 05:07:11: Filter,False,0
12/05/2022 05:07:11: Focuser,False,0
12/05/2022 05:07:11: RGBCamera,False,0
12/05/2022 05:07:11: Initiating Main window...
12/05/2022 05:07:11: Main window initiated successfully!
12/05/2022 05:21:28: _______________________________________________
12/05/2022 05:21:28: |                                             |
12/05/2022 05:21:28: | ___  ___  ____ ___  _   _  ___    ____ ____ |
12/05/2022 05:21:28: ||[_]||[_]|  || ||^||||\V/||||^||    ||   ||  |
12/05/2022 05:21:28: |||'' ||^\\  ||  \\  || V || \\      ||   ||  |
12/05/2022 05:21:28: |||   ||  \\_||_||_||||   ||||_||   _||_ _||_ |
12/05/2022 05:21:28: |                                             |
12/05/2022 05:21:28: |Author: John Archibald Page                  |
12/05/2022 05:21:28: |Created on: 30/11/2022                       |
12/05/2022 05:21:28: |Last updated on: 30/11/2022                  |
12/05/2022 05:21:28: |_____________________________________________|
12/05/2022 05:21:28: Initiating program...
12/05/2022 05:21:28: Launch Window initiating...
12/05/2022 05:21:28: Launch Window initiated Successfully!
12/05/2022 05:48:35: _______________________________________________
12/05/2022 05:48:35: |                                             |
12/05/2022 05:48:35: | ___  ___  ____ ___  _   _  ___    ____ ____ |
12/05/2022 05:48:35: ||[_]||[_]|  || ||^||||\V/||||^||    ||   ||  |
12/05/2022 05:48:35: |||'' ||^\\  ||  \\  || V || \\      ||   ||  |
12/05/2022 05:48:35: |||   ||  \\_||_||_||||   ||||_||   _||_ _||_ |
12/05/2022 05:48:35: |                                             |
12/05/2022 05:48:35: |Author: John Archibald Page                  |
12/05/2022 05:48:35: |Created on: 30/11/2022                       |
12/05/2022 05:48:35: |Last updated on: 30/11/2022                  |
12/05/2022 05:48:35: |_____________________________________________|
12/05/2022 05:48:35: Initiating program...
12/05/2022 05:48:35: Launch Window initiating...
12/05/2022 05:48:35: Launch Window initiated Successfully!
12/05/2022 05:50:57: _______________________________________________
12/05/2022 05:50:57: |                                             |
12/05/2022 05:50:57: | ___  ___  ____ ___  _   _  ___    ____ ____ |
12/05/2022 05:50:57: ||[_]||[_]|  || ||^||||\V/||||^||    ||   ||  |
12/05/2022 05:50:57: |||'' ||^\\  ||  \\  || V || \\      ||   ||  |
12/05/2022 05:50:57: |||   ||  \\_||_||_||||   ||||_||   _||_ _||_ |
12/05/2022 05:50:57: |                                             |
12/05/2022 05:50:57: |Author: John Archibald Page                  |
12/05/2022 05:50:57: |Created on: 30/11/2022                       |
12/05/2022 05:50:57: |Last updated on: 30/11/2022                  |
12/05/2022 05:50:57: |_____________________________________________|
12/05/2022 05:50:57: Initiating program...
12/05/2022 05:50:57: Launch Window initiating...
12/05/2022 05:50:57: Launch Window initiated Successfully!
12/05/2022 05:57:54: _______________________________________________
12/05/2022 05:57:54: |                                             |
12/05/2022 05:57:54: | ___  ___  ____ ___  _   _  ___    ____ ____ |
12/05/2022 05:57:54: ||[_]||[_]|  || ||^||||\V/||||^||    ||   ||  |
12/05/2022 05:57:54: |||'' ||^\\  ||  \\  || V || \\      ||   ||  |
12/05/2022 05:57:54: |||   ||  \\_||_||_||||   ||||_||   _||_ _||_ |
12/05/2022 05:57:54: |                                             |
12/05/2022 05:57:54: |Author: John Archibald Page                  |
12/05/2022 05:57:54: |Created on: 30/11/2022                       |
12/05/2022 05:57:54: |Last updated on: 30/11/2022                  |
12/05/2022 05:57:54: |_____________________________________________|
12/05/2022 05:57:54: Initiating program...
12/05/2022 05:57:54: Launch Window initiating...
12/05/2022 05:57:54: Launch Window initiated Successfully!
12/05/2022 05:59:57: _______________________________________________
12/05/2022 05:59:57: |                                             |
12/05/2022 05:59:57: | ___  ___  ____ ___  _   _  ___    ____ ____ |
12/05/2022 05:59:57: ||[_]||[_]|  || ||^||||\V/||||^||    ||   ||  |
12/05/2022 05:59:57: |||'' ||^\\  ||  \\  || V || \\      ||   ||  |
12/05/2022 05:59:57: |||   ||  \\_||_||_||||   ||||_||   _||_ _||_ |
12/05/2022 05:59:57: |                                             |
12/05/2022 05:59:57: |Author: John Archibald Page                  |
12/05/2022 05:59:57: |Created on: 30/11/2022                       |
12/05/2022 05:59:57: |Last updated on: 30/11/2022                  |
12/05/2022 05:59:57: |_____________________________________________|
12/05/2022 05:59:57: Initiating program...
12/05/2022 05:59:57: Launch Window initiating...
12/05/2022 05:59:57: Launch Window initiated Successfully!
12/05/2022 06:04:00: _______________________________________________
12/05/2022 06:04:00: |                                             |
12/05/2022 06:04:00: | ___  ___  ____ ___  _   _  ___    ____ ____ |
12/05/2022 06:04:00: ||[_]||[_]|  || ||^||||\V/||||^||    ||   ||  |
12/05/2022 06:04:00: |||'' ||^\\  ||  \\  || V || \\      ||   ||  |
12/05/2022 06:04:00: |||   ||  \\_||_||_||||   ||||_||   _||_ _||_ |
12/05/2022 06:04:00: |                                             |
12/05/2022 06:04:00: |Author: John Archibald Page                  |
12/05/2022 06:04:00: |Created on: 30/11/2022                       |
12/05/2022 06:04:00: |Last updated on: 30/11/2022                  |
12/05/2022 06:04:00: |_____________________________________________|
12/05/2022 06:04:00: Initiating program...
12/05/2022 06:04:00: Launch Window initiating...
12/05/2022 06:04:00: Launch Window initiated Successfully!
