12/13/2022 10:28:19: _______________________________________________
12/13/2022 10:28:19: |                                             |
12/13/2022 10:28:19: | ___  ___  ____ ___  _   _  ___    ____ ____ |
12/13/2022 10:28:19: ||[_]||[_]|  || ||^||||\V/||||^||    ||   ||  |
12/13/2022 10:28:19: |||'' ||^\\  ||  \\  || V || \\      ||   ||  |
12/13/2022 10:28:19: |||   ||  \\_||_||_||||   ||||_||   _||_ _||_ |
12/13/2022 10:28:19: |                                             |
12/13/2022 10:28:19: |Author: John Archibald Page                  |
12/13/2022 10:28:19: |Created on: 30/11/2022                       |
12/13/2022 10:28:19: |Last updated on: 30/11/2022                  |
12/13/2022 10:28:19: |_____________________________________________|
12/13/2022 10:28:19: Initiating program...
12/13/2022 10:28:20: Launch Window initiating...
12/13/2022 10:28:20: Launch Window initiated Successfully!
12/13/2022 10:28:42: Equipment Serial Port Configuration set:
12/13/2022 10:28:42: component,connected,COMS
12/13/2022 10:28:42: MainCamera,False,0
12/13/2022 10:28:42: AzimuthAltitudeStand,False,0
12/13/2022 10:28:42: Filter,False,0
12/13/2022 10:28:42: Focuser,True,0
12/13/2022 10:28:42: RGBCamera,False,0
12/13/2022 10:31:48: _______________________________________________
12/13/2022 10:31:48: |                                             |
12/13/2022 10:31:48: | ___  ___  ____ ___  _   _  ___    ____ ____ |
12/13/2022 10:31:48: ||[_]||[_]|  || ||^||||\V/||||^||    ||   ||  |
12/13/2022 10:31:48: |||'' ||^\\  ||  \\  || V || \\      ||   ||  |
12/13/2022 10:31:48: |||   ||  \\_||_||_||||   ||||_||   _||_ _||_ |
12/13/2022 10:31:48: |                                             |
12/13/2022 10:31:48: |Author: John Archibald Page                  |
12/13/2022 10:31:48: |Created on: 30/11/2022                       |
12/13/2022 10:31:48: |Last updated on: 30/11/2022                  |
12/13/2022 10:31:48: |_____________________________________________|
12/13/2022 10:31:48: Initiating program...
12/13/2022 10:31:48: Launch Window initiating...
12/13/2022 10:31:48: Launch Window initiated Successfully!
12/13/2022 10:31:52: Equipment Serial Port Configuration set:
12/13/2022 10:31:52: component,connected,COMS
12/13/2022 10:31:52: MainCamera,False,0
12/13/2022 10:31:52: AzimuthAltitudeStand,False,0
12/13/2022 10:31:52: Filter,False,0
12/13/2022 10:31:52: Focuser,False,0
12/13/2022 10:31:52: RGBCamera,False,0
12/13/2022 10:38:37: _______________________________________________
12/13/2022 10:38:37: |                                             |
12/13/2022 10:38:37: | ___  ___  ____ ___  _   _  ___    ____ ____ |
12/13/2022 10:38:37: ||[_]||[_]|  || ||^||||\V/||||^||    ||   ||  |
12/13/2022 10:38:37: |||'' ||^\\  ||  \\  || V || \\      ||   ||  |
12/13/2022 10:38:37: |||   ||  \\_||_||_||||   ||||_||   _||_ _||_ |
12/13/2022 10:38:37: |                                             |
12/13/2022 10:38:37: |Author: John Archibald Page                  |
12/13/2022 10:38:37: |Created on: 30/11/2022                       |
12/13/2022 10:38:37: |Last updated on: 30/11/2022                  |
12/13/2022 10:38:37: |_____________________________________________|
12/13/2022 10:38:37: Initiating program...
12/13/2022 10:38:37: Launch Window initiating...
12/13/2022 10:38:37: Launch Window initiated Successfully!
12/13/2022 10:40:42: _______________________________________________
12/13/2022 10:40:42: |                                             |
12/13/2022 10:40:42: | ___  ___  ____ ___  _   _  ___    ____ ____ |
12/13/2022 10:40:42: ||[_]||[_]|  || ||^||||\V/||||^||    ||   ||  |
12/13/2022 10:40:42: |||'' ||^\\  ||  \\  || V || \\      ||   ||  |
12/13/2022 10:40:42: |||   ||  \\_||_||_||||   ||||_||   _||_ _||_ |
12/13/2022 10:40:42: |                                             |
12/13/2022 10:40:42: |Author: John Archibald Page                  |
12/13/2022 10:40:42: |Created on: 30/11/2022                       |
12/13/2022 10:40:42: |Last updated on: 30/11/2022                  |
12/13/2022 10:40:42: |_____________________________________________|
12/13/2022 10:40:42: Initiating program...
12/13/2022 10:40:42: Launch Window initiating...
12/13/2022 10:40:42: Launch Window initiated Successfully!
12/13/2022 10:42:28: _______________________________________________
12/13/2022 10:42:28: |                                             |
12/13/2022 10:42:28: | ___  ___  ____ ___  _   _  ___    ____ ____ |
12/13/2022 10:42:28: ||[_]||[_]|  || ||^||||\V/||||^||    ||   ||  |
12/13/2022 10:42:28: |||'' ||^\\  ||  \\  || V || \\      ||   ||  |
12/13/2022 10:42:28: |||   ||  \\_||_||_||||   ||||_||   _||_ _||_ |
12/13/2022 10:42:28: |                                             |
12/13/2022 10:42:28: |Author: John Archibald Page                  |
12/13/2022 10:42:28: |Created on: 30/11/2022                       |
12/13/2022 10:42:28: |Last updated on: 30/11/2022                  |
12/13/2022 10:42:28: |_____________________________________________|
12/13/2022 10:42:28: Initiating program...
12/13/2022 10:42:28: Launch Window initiating...
12/13/2022 10:42:28: Launch Window initiated Successfully!
12/13/2022 10:42:41: _______________________________________________
12/13/2022 10:42:41: |                                             |
12/13/2022 10:42:41: | ___  ___  ____ ___  _   _  ___    ____ ____ |
12/13/2022 10:42:41: ||[_]||[_]|  || ||^||||\V/||||^||    ||   ||  |
12/13/2022 10:42:41: |||'' ||^\\  ||  \\  || V || \\      ||   ||  |
12/13/2022 10:42:41: |||   ||  \\_||_||_||||   ||||_||   _||_ _||_ |
12/13/2022 10:42:41: |                                             |
12/13/2022 10:42:41: |Author: John Archibald Page                  |
12/13/2022 10:42:41: |Created on: 30/11/2022                       |
12/13/2022 10:42:41: |Last updated on: 30/11/2022                  |
12/13/2022 10:42:41: |_____________________________________________|
12/13/2022 10:42:41: Initiating program...
12/13/2022 10:42:41: Launch Window initiating...
12/13/2022 10:42:41: Launch Window initiated Successfully!
12/13/2022 10:42:52: _______________________________________________
12/13/2022 10:42:52: |                                             |
12/13/2022 10:42:52: | ___  ___  ____ ___  _   _  ___    ____ ____ |
12/13/2022 10:42:52: ||[_]||[_]|  || ||^||||\V/||||^||    ||   ||  |
12/13/2022 10:42:52: |||'' ||^\\  ||  \\  || V || \\      ||   ||  |
12/13/2022 10:42:52: |||   ||  \\_||_||_||||   ||||_||   _||_ _||_ |
12/13/2022 10:42:52: |                                             |
12/13/2022 10:42:52: |Author: John Archibald Page                  |
12/13/2022 10:42:52: |Created on: 30/11/2022                       |
12/13/2022 10:42:52: |Last updated on: 30/11/2022                  |
12/13/2022 10:42:52: |_____________________________________________|
12/13/2022 10:42:52: Initiating program...
12/13/2022 10:42:52: Launch Window initiating...
12/13/2022 10:42:52: Launch Window initiated Successfully!
12/13/2022 10:43:03: _______________________________________________
12/13/2022 10:43:03: |                                             |
12/13/2022 10:43:03: | ___  ___  ____ ___  _   _  ___    ____ ____ |
12/13/2022 10:43:03: ||[_]||[_]|  || ||^||||\V/||||^||    ||   ||  |
12/13/2022 10:43:03: |||'' ||^\\  ||  \\  || V || \\      ||   ||  |
12/13/2022 10:43:03: |||   ||  \\_||_||_||||   ||||_||   _||_ _||_ |
12/13/2022 10:43:03: |                                             |
12/13/2022 10:43:03: |Author: John Archibald Page                  |
12/13/2022 10:43:03: |Created on: 30/11/2022                       |
12/13/2022 10:43:03: |Last updated on: 30/11/2022                  |
12/13/2022 10:43:03: |_____________________________________________|
12/13/2022 10:43:03: Initiating program...
12/13/2022 10:43:03: Launch Window initiating...
12/13/2022 10:43:03: Launch Window initiated Successfully!
12/13/2022 14:35:09: _______________________________________________
12/13/2022 14:35:09: |                                             |
12/13/2022 14:35:09: | ___  ___  ____ ___  _   _  ___    ____ ____ |
12/13/2022 14:35:09: ||[_]||[_]|  || ||^||||\V/||||^||    ||   ||  |
12/13/2022 14:35:09: |||'' ||^\\  ||  \\  || V || \\      ||   ||  |
12/13/2022 14:35:09: |||   ||  \\_||_||_||||   ||||_||   _||_ _||_ |
12/13/2022 14:35:09: |                                             |
12/13/2022 14:35:09: |Author: John Archibald Page                  |
12/13/2022 14:35:09: |Created on: 30/11/2022                       |
12/13/2022 14:35:09: |Last updated on: 30/11/2022                  |
12/13/2022 14:35:09: |_____________________________________________|
12/13/2022 14:35:09: Initiating program...
12/13/2022 14:35:09: Launch Window initiating...
12/13/2022 14:35:10: Launch Window initiated Successfully!
12/13/2022 14:35:18: Equipment Serial Port Configuration set:
12/13/2022 14:35:18: component,connected,COMS
12/13/2022 14:35:18: MainCamera,False,0
12/13/2022 14:35:18: AzimuthAltitudeStand,False,0
12/13/2022 14:35:18: Filter,False,0
12/13/2022 14:35:18: Focuser,False,0
12/13/2022 14:35:18: RGBCamera,False,0
12/13/2022 14:43:50: _______________________________________________
12/13/2022 14:43:50: |                                             |
12/13/2022 14:43:50: | ___  ___  ____ ___  _   _  ___    ____ ____ |
12/13/2022 14:43:50: ||[_]||[_]|  || ||^||||\V/||||^||    ||   ||  |
12/13/2022 14:43:50: |||'' ||^\\  ||  \\  || V || \\      ||   ||  |
12/13/2022 14:43:50: |||   ||  \\_||_||_||||   ||||_||   _||_ _||_ |
12/13/2022 14:43:50: |                                             |
12/13/2022 14:43:50: |Author: John Archibald Page                  |
12/13/2022 14:43:50: |Created on: 30/11/2022                       |
12/13/2022 14:43:50: |Last updated on: 30/11/2022                  |
12/13/2022 14:43:50: |_____________________________________________|
12/13/2022 14:43:50: Initiating program...
12/13/2022 14:43:50: Launch Window initiating...
12/13/2022 14:43:50: Launch Window initiated Successfully!
12/13/2022 14:44:27: _______________________________________________
12/13/2022 14:44:27: |                                             |
12/13/2022 14:44:28: | ___  ___  ____ ___  _   _  ___    ____ ____ |
12/13/2022 14:44:28: ||[_]||[_]|  || ||^||||\V/||||^||    ||   ||  |
12/13/2022 14:44:28: |||'' ||^\\  ||  \\  || V || \\      ||   ||  |
12/13/2022 14:44:28: |||   ||  \\_||_||_||||   ||||_||   _||_ _||_ |
12/13/2022 14:44:28: |                                             |
12/13/2022 14:44:28: |Author: John Archibald Page                  |
12/13/2022 14:44:28: |Created on: 30/11/2022                       |
12/13/2022 14:44:28: |Last updated on: 30/11/2022                  |
12/13/2022 14:44:28: |_____________________________________________|
12/13/2022 14:44:28: Initiating program...
12/13/2022 14:44:28: Launch Window initiating...
12/13/2022 14:44:28: Launch Window initiated Successfully!
12/13/2022 14:46:13: _______________________________________________
12/13/2022 14:46:13: |                                             |
12/13/2022 14:46:13: | ___  ___  ____ ___  _   _  ___    ____ ____ |
12/13/2022 14:46:13: ||[_]||[_]|  || ||^||||\V/||||^||    ||   ||  |
12/13/2022 14:46:13: |||'' ||^\\  ||  \\  || V || \\      ||   ||  |
12/13/2022 14:46:13: |||   ||  \\_||_||_||||   ||||_||   _||_ _||_ |
12/13/2022 14:46:13: |                                             |
12/13/2022 14:46:13: |Author: John Archibald Page                  |
12/13/2022 14:46:13: |Created on: 30/11/2022                       |
12/13/2022 14:46:13: |Last updated on: 30/11/2022                  |
12/13/2022 14:46:13: |_____________________________________________|
12/13/2022 14:46:13: Initiating program...
12/13/2022 14:46:13: Launch Window initiating...
12/13/2022 14:46:13: Launch Window initiated Successfully!
12/13/2022 14:46:21: Equipment Serial Port Configuration set:
12/13/2022 14:46:21: component,connected,COMS
12/13/2022 14:46:21: MainCamera,False,0
12/13/2022 14:46:21: AzimuthAltitudeStand,False,0
12/13/2022 14:46:21: Filter,True,0
12/13/2022 14:46:21: Focuser,False,0
12/13/2022 14:46:21: RGBCamera,False,0
12/13/2022 14:51:30: _______________________________________________
12/13/2022 14:51:30: |                                             |
12/13/2022 14:51:30: | ___  ___  ____ ___  _   _  ___    ____ ____ |
12/13/2022 14:51:30: ||[_]||[_]|  || ||^||||\V/||||^||    ||   ||  |
12/13/2022 14:51:30: |||'' ||^\\  ||  \\  || V || \\      ||   ||  |
12/13/2022 14:51:30: |||   ||  \\_||_||_||||   ||||_||   _||_ _||_ |
12/13/2022 14:51:30: |                                             |
12/13/2022 14:51:30: |Author: John Archibald Page                  |
12/13/2022 14:51:30: |Created on: 30/11/2022                       |
12/13/2022 14:51:30: |Last updated on: 30/11/2022                  |
12/13/2022 14:51:30: |_____________________________________________|
12/13/2022 14:51:30: Initiating program...
12/13/2022 14:51:30: Launch Window initiating...
12/13/2022 14:51:30: Launch Window initiated Successfully!
12/13/2022 14:51:48: Equipment Serial Port Configuration set:
12/13/2022 14:51:48: component,connected,COMS
12/13/2022 14:51:48: MainCamera,False,0
12/13/2022 14:51:48: AzimuthAltitudeStand,True,0
12/13/2022 14:51:48: Filter,False,0
12/13/2022 14:51:48: Focuser,False,0
12/13/2022 14:51:48: RGBCamera,False,0
12/13/2022 14:54:01: _______________________________________________
12/13/2022 14:54:01: |                                             |
12/13/2022 14:54:01: | ___  ___  ____ ___  _   _  ___    ____ ____ |
12/13/2022 14:54:01: ||[_]||[_]|  || ||^||||\V/||||^||    ||   ||  |
12/13/2022 14:54:01: |||'' ||^\\  ||  \\  || V || \\      ||   ||  |
12/13/2022 14:54:01: |||   ||  \\_||_||_||||   ||||_||   _||_ _||_ |
12/13/2022 14:54:01: |                                             |
12/13/2022 14:54:01: |Author: John Archibald Page                  |
12/13/2022 14:54:01: |Created on: 30/11/2022                       |
12/13/2022 14:54:01: |Last updated on: 30/11/2022                  |
12/13/2022 14:54:01: |_____________________________________________|
12/13/2022 14:54:01: Initiating program...
12/13/2022 14:54:01: Launch Window initiating...
12/13/2022 14:54:01: Launch Window initiated Successfully!
12/13/2022 15:08:23: _______________________________________________
12/13/2022 15:08:23: |                                             |
12/13/2022 15:08:23: | ___  ___  ____ ___  _   _  ___    ____ ____ |
12/13/2022 15:08:23: ||[_]||[_]|  || ||^||||\V/||||^||    ||   ||  |
12/13/2022 15:08:23: |||'' ||^\\  ||  \\  || V || \\      ||   ||  |
12/13/2022 15:08:23: |||   ||  \\_||_||_||||   ||||_||   _||_ _||_ |
12/13/2022 15:08:23: |                                             |
12/13/2022 15:08:23: |Author: John Archibald Page                  |
12/13/2022 15:08:23: |Created on: 30/11/2022                       |
12/13/2022 15:08:23: |Last updated on: 30/11/2022                  |
12/13/2022 15:08:23: |_____________________________________________|
12/13/2022 15:08:23: Initiating program...
12/13/2022 15:08:24: Launch Window initiating...
12/13/2022 15:08:24: Launch Window initiated Successfully!
12/13/2022 15:08:53: Equipment Serial Port Configuration set:
12/13/2022 15:08:53: component,connected,COMS
12/13/2022 15:08:53: {labels[i]},{checkbox[i].isChecked()},{spinbox[i].value()}
12/13/2022 15:08:53: {labels[i]},{checkbox[i].isChecked()},{spinbox[i].value()}
12/13/2022 15:08:53: {labels[i]},{checkbox[i].isChecked()},{spinbox[i].value()}
12/13/2022 15:08:53: {labels[i]},{checkbox[i].isChecked()},{spinbox[i].value()}
12/13/2022 15:08:53: {labels[i]},{checkbox[i].isChecked()},{spinbox[i].value()}
12/13/2022 15:10:40: _______________________________________________
12/13/2022 15:10:40: |                                             |
12/13/2022 15:10:40: | ___  ___  ____ ___  _   _  ___    ____ ____ |
12/13/2022 15:10:40: ||[_]||[_]|  || ||^||||\V/||||^||    ||   ||  |
12/13/2022 15:10:40: |||'' ||^\\  ||  \\  || V || \\      ||   ||  |
12/13/2022 15:10:40: |||   ||  \\_||_||_||||   ||||_||   _||_ _||_ |
12/13/2022 15:10:40: |                                             |
12/13/2022 15:10:40: |Author: John Archibald Page                  |
12/13/2022 15:10:40: |Created on: 30/11/2022                       |
12/13/2022 15:10:40: |Last updated on: 30/11/2022                  |
12/13/2022 15:10:40: |_____________________________________________|
12/13/2022 15:10:40: Initiating program...
12/13/2022 15:10:40: Launch Window initiating...
12/13/2022 15:10:40: Launch Window initiated Successfully!
12/13/2022 15:10:48: Equipment Serial Port Configuration set:
12/13/2022 15:10:48: component,connected,COMS
12/13/2022 15:10:48: MainCamera,False,0
12/13/2022 15:10:48: AzimuthAltitudeStand,False,0
12/13/2022 15:10:48: Filter,False,0
12/13/2022 15:10:48: Focuser,False,0
12/13/2022 15:10:48: RGBCamera,False,0
12/13/2022 15:17:56: _______________________________________________
12/13/2022 15:17:56: |                                             |
12/13/2022 15:17:56: | ___  ___  ____ ___  _   _  ___    ____ ____ |
12/13/2022 15:17:56: ||[_]||[_]|  || ||^||||\V/||||^||    ||   ||  |
12/13/2022 15:17:56: |||'' ||^\\  ||  \\  || V || \\      ||   ||  |
12/13/2022 15:17:56: |||   ||  \\_||_||_||||   ||||_||   _||_ _||_ |
12/13/2022 15:17:56: |                                             |
12/13/2022 15:17:56: |Author: John Archibald Page                  |
12/13/2022 15:17:56: |Created on: 30/11/2022                       |
12/13/2022 15:17:56: |Last updated on: 30/11/2022                  |
12/13/2022 15:17:56: |_____________________________________________|
12/13/2022 15:17:56: Initiating program...
12/13/2022 15:17:56: Launch Window initiating...
12/13/2022 15:17:56: Launch Window initiated Successfully!
12/13/2022 15:19:50: _______________________________________________
12/13/2022 15:19:50: |                                             |
12/13/2022 15:19:50: | ___  ___  ____ ___  _   _  ___    ____ ____ |
12/13/2022 15:19:50: ||[_]||[_]|  || ||^||||\V/||||^||    ||   ||  |
12/13/2022 15:19:50: |||'' ||^\\  ||  \\  || V || \\      ||   ||  |
12/13/2022 15:19:50: |||   ||  \\_||_||_||||   ||||_||   _||_ _||_ |
12/13/2022 15:19:50: |                                             |
12/13/2022 15:19:50: |Author: John Archibald Page                  |
12/13/2022 15:19:50: |Created on: 30/11/2022                       |
12/13/2022 15:19:50: |Last updated on: 30/11/2022                  |
12/13/2022 15:19:50: |_____________________________________________|
12/13/2022 15:19:50: Initiating program...
12/13/2022 15:19:50: Launch Window initiating...
12/13/2022 15:19:50: Launch Window initiated Successfully!
12/13/2022 15:19:58: Equipment Serial Port Configuration set:
12/13/2022 15:19:58: component,connected,COMS
12/13/2022 15:19:58: MainCamera,False,0
12/13/2022 15:19:58: AziAlt-Stand,False,0
12/13/2022 15:19:58: Filter,False,0
12/13/2022 15:19:58: Focuser,False,0
12/13/2022 15:19:58: RGBCamera,False,0
12/13/2022 15:25:00: _______________________________________________
12/13/2022 15:25:00: |                                             |
12/13/2022 15:25:00: | ___  ___  ____ ___  _   _  ___    ____ ____ |
12/13/2022 15:25:00: ||[_]||[_]|  || ||^||||\V/||||^||    ||   ||  |
12/13/2022 15:25:00: |||'' ||^\\  ||  \\  || V || \\      ||   ||  |
12/13/2022 15:25:00: |||   ||  \\_||_||_||||   ||||_||   _||_ _||_ |
12/13/2022 15:25:00: |                                             |
12/13/2022 15:25:00: |Author: John Archibald Page                  |
12/13/2022 15:25:00: |Created on: 30/11/2022                       |
12/13/2022 15:25:00: |Last updated on: 30/11/2022                  |
12/13/2022 15:25:00: |_____________________________________________|
12/13/2022 15:25:00: Initiating program...
12/13/2022 15:25:01: Launch Window initiating...
12/13/2022 15:25:01: Launch Window initiated Successfully!
12/13/2022 15:26:04: _______________________________________________
12/13/2022 15:26:04: |                                             |
12/13/2022 15:26:04: | ___  ___  ____ ___  _   _  ___    ____ ____ |
12/13/2022 15:26:04: ||[_]||[_]|  || ||^||||\V/||||^||    ||   ||  |
12/13/2022 15:26:04: |||'' ||^\\  ||  \\  || V || \\      ||   ||  |
12/13/2022 15:26:04: |||   ||  \\_||_||_||||   ||||_||   _||_ _||_ |
12/13/2022 15:26:04: |                                             |
12/13/2022 15:26:04: |Author: John Archibald Page                  |
12/13/2022 15:26:04: |Created on: 30/11/2022                       |
12/13/2022 15:26:04: |Last updated on: 30/11/2022                  |
12/13/2022 15:26:04: |_____________________________________________|
12/13/2022 15:26:04: Initiating program...
12/13/2022 15:26:04: Launch Window initiating...
12/13/2022 15:26:04: Launch Window initiated Successfully!
12/13/2022 15:26:18: Equipment Serial Port Configuration set:
12/13/2022 15:26:18: component,connected,COMS
12/13/2022 15:26:18: MainCamera,False,0
12/13/2022 15:26:18: AziAlt-Stand,False,0
12/13/2022 15:26:18: Filter,False,0
12/13/2022 15:26:18: Focuser,False,0
12/13/2022 15:26:18: RGBCamera,False,0
12/13/2022 15:34:32: _______________________________________________
12/13/2022 15:34:32: |                                             |
12/13/2022 15:34:32: | ___  ___  ____ ___  _   _  ___    ____ ____ |
12/13/2022 15:34:32: ||[_]||[_]|  || ||^||||\V/||||^||    ||   ||  |
12/13/2022 15:34:32: |||'' ||^\\  ||  \\  || V || \\      ||   ||  |
12/13/2022 15:34:32: |||   ||  \\_||_||_||||   ||||_||   _||_ _||_ |
12/13/2022 15:34:32: |                                             |
12/13/2022 15:34:32: |Author: John Archibald Page                  |
12/13/2022 15:34:32: |Created on: 30/11/2022                       |
12/13/2022 15:34:32: |Last updated on: 30/11/2022                  |
12/13/2022 15:34:32: |_____________________________________________|
12/13/2022 15:34:32: Initiating program...
12/13/2022 15:34:32: Launch Window initiating...
12/13/2022 15:34:32: Launch Window initiated Successfully!
12/13/2022 15:34:59: _______________________________________________
12/13/2022 15:34:59: |                                             |
12/13/2022 15:34:59: | ___  ___  ____ ___  _   _  ___    ____ ____ |
12/13/2022 15:34:59: ||[_]||[_]|  || ||^||||\V/||||^||    ||   ||  |
12/13/2022 15:34:59: |||'' ||^\\  ||  \\  || V || \\      ||   ||  |
12/13/2022 15:34:59: |||   ||  \\_||_||_||||   ||||_||   _||_ _||_ |
12/13/2022 15:34:59: |                                             |
12/13/2022 15:34:59: |Author: John Archibald Page                  |
12/13/2022 15:34:59: |Created on: 30/11/2022                       |
12/13/2022 15:34:59: |Last updated on: 30/11/2022                  |
12/13/2022 15:34:59: |_____________________________________________|
12/13/2022 15:34:59: Initiating program...
12/13/2022 15:34:59: Launch Window initiating...
12/13/2022 15:34:59: Launch Window initiated Successfully!
12/13/2022 15:35:00: Initiating Main window...
12/13/2022 15:35:01: Main window initiated successfully!
12/13/2022 15:35:38: _______________________________________________
12/13/2022 15:35:38: |                                             |
12/13/2022 15:35:38: | ___  ___  ____ ___  _   _  ___    ____ ____ |
12/13/2022 15:35:38: ||[_]||[_]|  || ||^||||\V/||||^||    ||   ||  |
12/13/2022 15:35:38: |||'' ||^\\  ||  \\  || V || \\      ||   ||  |
12/13/2022 15:35:38: |||   ||  \\_||_||_||||   ||||_||   _||_ _||_ |
12/13/2022 15:35:38: |                                             |
12/13/2022 15:35:38: |Author: John Archibald Page                  |
12/13/2022 15:35:38: |Created on: 30/11/2022                       |
12/13/2022 15:35:38: |Last updated on: 30/11/2022                  |
12/13/2022 15:35:38: |_____________________________________________|
12/13/2022 15:35:38: Initiating program...
12/13/2022 15:35:38: Launch Window initiating...
12/13/2022 15:35:38: Launch Window initiated Successfully!
12/13/2022 15:35:39: Initiating Main window...
12/13/2022 15:35:40: Main window initiated successfully!
12/13/2022 15:37:39: _______________________________________________
12/13/2022 15:37:39: |                                             |
12/13/2022 15:37:39: | ___  ___  ____ ___  _   _  ___    ____ ____ |
12/13/2022 15:37:39: ||[_]||[_]|  || ||^||||\V/||||^||    ||   ||  |
12/13/2022 15:37:39: |||'' ||^\\  ||  \\  || V || \\      ||   ||  |
12/13/2022 15:37:39: |||   ||  \\_||_||_||||   ||||_||   _||_ _||_ |
12/13/2022 15:37:39: |                                             |
12/13/2022 15:37:39: |Author: John Archibald Page                  |
12/13/2022 15:37:39: |Created on: 30/11/2022                       |
12/13/2022 15:37:39: |Last updated on: 30/11/2022                  |
12/13/2022 15:37:39: |_____________________________________________|
12/13/2022 15:37:39: Initiating program...
12/13/2022 15:37:39: Launch Window initiating...
12/13/2022 15:37:39: Launch Window initiated Successfully!
12/13/2022 15:40:54: _______________________________________________
12/13/2022 15:40:54: |                                             |
12/13/2022 15:40:54: | ___  ___  ____ ___  _   _  ___    ____ ____ |
12/13/2022 15:40:54: ||[_]||[_]|  || ||^||||\V/||||^||    ||   ||  |
12/13/2022 15:40:54: |||'' ||^\\  ||  \\  || V || \\      ||   ||  |
12/13/2022 15:40:54: |||   ||  \\_||_||_||||   ||||_||   _||_ _||_ |
12/13/2022 15:40:54: |                                             |
12/13/2022 15:40:54: |Author: John Archibald Page                  |
12/13/2022 15:40:54: |Created on: 30/11/2022                       |
12/13/2022 15:40:54: |Last updated on: 30/11/2022                  |
12/13/2022 15:40:54: |_____________________________________________|
12/13/2022 15:40:54: Initiating program...
12/13/2022 15:40:54: Launch Window initiating...
12/13/2022 15:40:54: Launch Window initiated Successfully!
12/13/2022 15:41:14: _______________________________________________
12/13/2022 15:41:14: |                                             |
12/13/2022 15:41:14: | ___  ___  ____ ___  _   _  ___    ____ ____ |
12/13/2022 15:41:14: ||[_]||[_]|  || ||^||||\V/||||^||    ||   ||  |
12/13/2022 15:41:14: |||'' ||^\\  ||  \\  || V || \\      ||   ||  |
12/13/2022 15:41:14: |||   ||  \\_||_||_||||   ||||_||   _||_ _||_ |
12/13/2022 15:41:14: |                                             |
12/13/2022 15:41:14: |Author: John Archibald Page                  |
12/13/2022 15:41:14: |Created on: 30/11/2022                       |
12/13/2022 15:41:14: |Last updated on: 30/11/2022                  |
12/13/2022 15:41:14: |_____________________________________________|
12/13/2022 15:41:14: Initiating program...
12/13/2022 15:41:14: Launch Window initiating...
12/13/2022 15:41:14: Launch Window initiated Successfully!
12/13/2022 15:41:34: _______________________________________________
12/13/2022 15:41:34: |                                             |
12/13/2022 15:41:34: | ___  ___  ____ ___  _   _  ___    ____ ____ |
12/13/2022 15:41:34: ||[_]||[_]|  || ||^||||\V/||||^||    ||   ||  |
12/13/2022 15:41:34: |||'' ||^\\  ||  \\  || V || \\      ||   ||  |
12/13/2022 15:41:34: |||   ||  \\_||_||_||||   ||||_||   _||_ _||_ |
12/13/2022 15:41:34: |                                             |
12/13/2022 15:41:34: |Author: John Archibald Page                  |
12/13/2022 15:41:34: |Created on: 30/11/2022                       |
12/13/2022 15:41:34: |Last updated on: 30/11/2022                  |
12/13/2022 15:41:34: |_____________________________________________|
12/13/2022 15:41:34: Initiating program...
12/13/2022 15:41:34: Launch Window initiating...
12/13/2022 15:41:34: Launch Window initiated Successfully!
12/13/2022 15:41:56: _______________________________________________
12/13/2022 15:41:56: |                                             |
12/13/2022 15:41:56: | ___  ___  ____ ___  _   _  ___    ____ ____ |
12/13/2022 15:41:56: ||[_]||[_]|  || ||^||||\V/||||^||    ||   ||  |
12/13/2022 15:41:56: |||'' ||^\\  ||  \\  || V || \\      ||   ||  |
12/13/2022 15:41:56: |||   ||  \\_||_||_||||   ||||_||   _||_ _||_ |
12/13/2022 15:41:56: |                                             |
12/13/2022 15:41:56: |Author: John Archibald Page                  |
12/13/2022 15:41:56: |Created on: 30/11/2022                       |
12/13/2022 15:41:56: |Last updated on: 30/11/2022                  |
12/13/2022 15:41:56: |_____________________________________________|
12/13/2022 15:41:56: Initiating program...
12/13/2022 15:41:57: Launch Window initiating...
12/13/2022 15:41:57: Launch Window initiated Successfully!
12/13/2022 15:42:02: Equipment Serial Port Configuration set:
12/13/2022 15:42:02: component,connected,COMS
12/13/2022 15:42:02: MainCamera,False,0
12/13/2022 15:42:02: AziAlt-Stand,False,0
12/13/2022 15:42:02: Filter,False,0
12/13/2022 15:42:02: Focuser,False,0
12/13/2022 15:42:02: RGBCamera,False,0
12/13/2022 15:43:48: _______________________________________________
12/13/2022 15:43:48: |                                             |
12/13/2022 15:43:48: | ___  ___  ____ ___  _   _  ___    ____ ____ |
12/13/2022 15:43:48: ||[_]||[_]|  || ||^||||\V/||||^||    ||   ||  |
12/13/2022 15:43:48: |||'' ||^\\  ||  \\  || V || \\      ||   ||  |
12/13/2022 15:43:48: |||   ||  \\_||_||_||||   ||||_||   _||_ _||_ |
12/13/2022 15:43:48: |                                             |
12/13/2022 15:43:48: |Author: John Archibald Page                  |
12/13/2022 15:43:48: |Created on: 30/11/2022                       |
12/13/2022 15:43:48: |Last updated on: 30/11/2022                  |
12/13/2022 15:43:48: |_____________________________________________|
12/13/2022 15:43:48: Initiating program...
12/13/2022 15:43:48: Launch Window initiating...
12/13/2022 15:43:48: Launch Window initiated Successfully!
12/13/2022 15:43:52: Equipment Serial Port Configuration set:
12/13/2022 15:43:52: component,connected,COMS
12/13/2022 15:43:52: MainCamera,False,0
12/13/2022 15:43:52: AziAlt-Stand,False,0
12/13/2022 15:43:52: Filter,False,0
12/13/2022 15:43:52: Focuser,False,0
12/13/2022 15:43:52: RGBCamera,False,0
12/13/2022 15:43:52: Initiating Main window...
12/13/2022 15:43:55: Main window initiated successfully!
12/13/2022 15:45:05: _______________________________________________
12/13/2022 15:45:05: |                                             |
12/13/2022 15:45:05: | ___  ___  ____ ___  _   _  ___    ____ ____ |
12/13/2022 15:45:05: ||[_]||[_]|  || ||^||||\V/||||^||    ||   ||  |
12/13/2022 15:45:05: |||'' ||^\\  ||  \\  || V || \\      ||   ||  |
12/13/2022 15:45:05: |||   ||  \\_||_||_||||   ||||_||   _||_ _||_ |
12/13/2022 15:45:05: |                                             |
12/13/2022 15:45:05: |Author: John Archibald Page                  |
12/13/2022 15:45:05: |Created on: 30/11/2022                       |
12/13/2022 15:45:05: |Last updated on: 30/11/2022                  |
12/13/2022 15:45:05: |_____________________________________________|
12/13/2022 15:45:05: Initiating program...
12/13/2022 15:45:05: Launch Window initiating...
12/13/2022 15:45:06: Launch Window initiated Successfully!
12/13/2022 15:45:10: Equipment Serial Port Configuration set:
12/13/2022 15:45:10: component,connected,COMS
12/13/2022 15:45:10: MainCamera,False,0
12/13/2022 15:45:10: AziAlt-Stand,False,0
12/13/2022 15:45:10: Filter,False,0
12/13/2022 15:45:10: Focuser,False,0
12/13/2022 15:45:10: RGBCamera,False,0
12/13/2022 15:45:10: Initiating Main window...
12/13/2022 15:45:13: Main window initiated successfully!
12/13/2022 16:24:24: _______________________________________________
12/13/2022 16:24:24: |                                             |
12/13/2022 16:24:24: | ___  ___  ____ ___  _   _  ___    ____ ____ |
12/13/2022 16:24:24: ||[_]||[_]|  || ||^||||\V/||||^||    ||   ||  |
12/13/2022 16:24:24: |||'' ||^\\  ||  \\  || V || \\      ||   ||  |
12/13/2022 16:24:24: |||   ||  \\_||_||_||||   ||||_||   _||_ _||_ |
12/13/2022 16:24:24: |                                             |
12/13/2022 16:24:24: |Author: John Archibald Page                  |
12/13/2022 16:24:24: |Created on: 30/11/2022                       |
12/13/2022 16:24:24: |Last updated on: 30/11/2022                  |
12/13/2022 16:24:24: |_____________________________________________|
12/13/2022 16:24:24: Initiating program...
12/13/2022 16:24:24: Launch Window initiating...
12/13/2022 16:24:24: Launch Window initiated Successfully!
12/13/2022 16:24:35: Equipment Serial Port Configuration set:
12/13/2022 16:24:35: component,connected,COMS
12/13/2022 16:24:35: MainCamera,False,0
12/13/2022 16:24:35: AziAlt-Stand,False,0
12/13/2022 16:24:35: Filter,False,0
12/13/2022 16:24:35: Focuser,False,0
12/13/2022 16:24:35: RGBCamera,False,0
12/13/2022 16:24:35: Initiating Main window...
12/13/2022 16:24:36: Main window initiated successfully!
12/13/2022 16:27:19: _______________________________________________
12/13/2022 16:27:19: |                                             |
12/13/2022 16:27:19: | ___  ___  ____ ___  _   _  ___    ____ ____ |
12/13/2022 16:27:19: ||[_]||[_]|  || ||^||||\V/||||^||    ||   ||  |
12/13/2022 16:27:19: |||'' ||^\\  ||  \\  || V || \\      ||   ||  |
12/13/2022 16:27:19: |||   ||  \\_||_||_||||   ||||_||   _||_ _||_ |
12/13/2022 16:27:19: |                                             |
12/13/2022 16:27:19: |Author: John Archibald Page                  |
12/13/2022 16:27:19: |Created on: 30/11/2022                       |
12/13/2022 16:27:19: |Last updated on: 30/11/2022                  |
12/13/2022 16:27:19: |_____________________________________________|
12/13/2022 16:27:19: Initiating program...
12/13/2022 16:27:19: Launch Window initiating...
12/13/2022 16:27:19: Launch Window initiated Successfully!
12/13/2022 16:28:48: _______________________________________________
12/13/2022 16:28:48: |                                             |
12/13/2022 16:28:48: | ___  ___  ____ ___  _   _  ___    ____ ____ |
12/13/2022 16:28:48: ||[_]||[_]|  || ||^||||\V/||||^||    ||   ||  |
12/13/2022 16:28:48: |||'' ||^\\  ||  \\  || V || \\      ||   ||  |
12/13/2022 16:28:48: |||   ||  \\_||_||_||||   ||||_||   _||_ _||_ |
12/13/2022 16:28:48: |                                             |
12/13/2022 16:28:48: |Author: John Archibald Page                  |
12/13/2022 16:28:48: |Created on: 30/11/2022                       |
12/13/2022 16:28:48: |Last updated on: 30/11/2022                  |
12/13/2022 16:28:48: |_____________________________________________|
12/13/2022 16:28:48: Initiating program...
12/13/2022 16:28:48: Launch Window initiating...
12/13/2022 16:28:48: Launch Window initiated Successfully!
12/13/2022 16:29:19: Equipment Serial Port Configuration set:
12/13/2022 16:29:19: component,connected,COMS
12/13/2022 16:29:19: MainCamera,False,0
12/13/2022 16:29:19: AziAlt-Stand,False,0
12/13/2022 16:29:19: Filter,False,0
12/13/2022 16:29:19: Focuser,False,0
12/13/2022 16:29:19: RGBCamera,False,0
12/13/2022 16:29:19: Initiating Main window...
12/13/2022 16:29:19: Main window initiated successfully!
12/13/2022 16:30:45: _______________________________________________
12/13/2022 16:30:45: |                                             |
12/13/2022 16:30:45: | ___  ___  ____ ___  _   _  ___    ____ ____ |
12/13/2022 16:30:45: ||[_]||[_]|  || ||^||||\V/||||^||    ||   ||  |
12/13/2022 16:30:45: |||'' ||^\\  ||  \\  || V || \\      ||   ||  |
12/13/2022 16:30:45: |||   ||  \\_||_||_||||   ||||_||   _||_ _||_ |
12/13/2022 16:30:45: |                                             |
12/13/2022 16:30:45: |Author: John Archibald Page                  |
12/13/2022 16:30:45: |Created on: 30/11/2022                       |
12/13/2022 16:30:45: |Last updated on: 30/11/2022                  |
12/13/2022 16:30:45: |_____________________________________________|
12/13/2022 16:30:45: Initiating program...
12/13/2022 16:30:45: Launch Window initiating...
12/13/2022 16:30:45: Launch Window initiated Successfully!
12/13/2022 16:30:53: Equipment Serial Port Configuration set:
12/13/2022 16:30:53: component,connected,COMS
12/13/2022 16:30:53: MainCamera,False,0
12/13/2022 16:30:53: AziAlt-Stand,False,0
12/13/2022 16:30:53: Filter,False,0
12/13/2022 16:30:53: Focuser,False,0
12/13/2022 16:30:53: RGBCamera,False,0
12/13/2022 16:30:53: Initiating Main window...
12/13/2022 16:30:54: Main window initiated successfully!
12/13/2022 16:35:07: _______________________________________________
12/13/2022 16:35:07: |                                             |
12/13/2022 16:35:07: | ___  ___  ____ ___  _   _  ___    ____ ____ |
12/13/2022 16:35:07: ||[_]||[_]|  || ||^||||\V/||||^||    ||   ||  |
12/13/2022 16:35:07: |||'' ||^\\  ||  \\  || V || \\      ||   ||  |
12/13/2022 16:35:07: |||   ||  \\_||_||_||||   ||||_||   _||_ _||_ |
12/13/2022 16:35:07: |                                             |
12/13/2022 16:35:07: |Author: John Archibald Page                  |
12/13/2022 16:35:07: |Created on: 30/11/2022                       |
12/13/2022 16:35:07: |Last updated on: 30/11/2022                  |
12/13/2022 16:35:07: |_____________________________________________|
12/13/2022 16:35:07: Initiating program...
12/13/2022 16:35:07: Launch Window initiating...
12/13/2022 16:35:07: Launch Window initiated Successfully!
12/13/2022 16:35:32: Equipment Serial Port Configuration set:
12/13/2022 16:35:32: component,connected,COMS
12/13/2022 16:35:32: MainCamera,False,0
12/13/2022 16:35:32: AziAlt-Stand,False,0
12/13/2022 16:35:32: Filter,False,0
12/13/2022 16:35:32: Focuser,False,0
12/13/2022 16:35:32: RGBCamera,False,0
12/13/2022 16:35:32: Initiating Main window...
12/13/2022 16:35:33: Main window initiated successfully!
12/13/2022 17:00:52: _______________________________________________
12/13/2022 17:00:52: |                                             |
12/13/2022 17:00:52: | ___  ___  ____ ___  _   _  ___    ____ ____ |
12/13/2022 17:00:52: ||[_]||[_]|  || ||^||||\V/||||^||    ||   ||  |
12/13/2022 17:00:52: |||'' ||^\\  ||  \\  || V || \\      ||   ||  |
12/13/2022 17:00:52: |||   ||  \\_||_||_||||   ||||_||   _||_ _||_ |
12/13/2022 17:00:52: |                                             |
12/13/2022 17:00:52: |Author: John Archibald Page                  |
12/13/2022 17:00:52: |Created on: 30/11/2022                       |
12/13/2022 17:00:52: |Last updated on: 13/12/2022                  |
12/13/2022 17:00:52: |_____________________________________________|
12/13/2022 17:00:52: Initiating program...
12/13/2022 17:00:52: Launch Window initiating...
12/13/2022 17:00:52: Launch Window initiated Successfully!
12/13/2022 17:00:58: Equipment Serial Port Configuration set:
12/13/2022 17:00:58: component,connected,COMS
12/13/2022 17:00:58: MainCamera,False,0
12/13/2022 17:00:58: AziAlt-Stand,False,0
12/13/2022 17:00:58: Filter,False,0
12/13/2022 17:00:58: Focuser,False,0
12/13/2022 17:00:58: RGBCamera,False,0
12/13/2022 17:00:58: Initiating Main window...
12/13/2022 17:00:59: Main window initiated successfully!
