11/30/2022 10:52:26: Building Main Window...
11/30/2022 10:53:21: Building Main Window test 2...
11/30/2022 10:53:53: Building Main Window test 2...
11/30/2022 11:06:37: PRISMS GUI initiated successfully...
11/30/2022 11:08:35: PRISMS GUI initiated successfully...
11/30/2022 11:08:35: Launch Window initiated Successfully
11/30/2022 11:15:15: PRISMS GUI initiated successfully...
11/30/2022 11:15:15: Launch Window initiated Successfully
11/30/2022 11:15:40: Equipment Serial Port Configuration:
11/30/2022 11:15:40: component,connected,COMS
11/30/2022 11:15:40: MainCamera,False,3
11/30/2022 11:15:40: AzimuthAltitudeStand,False,0
11/30/2022 11:15:40: Filter,False,1
11/30/2022 11:15:40: Focuser,False,2
11/30/2022 11:15:40: RGBCamera,False,6
11/30/2022 02:00:08: _____________________________
11/30/2022 02:00:08: |                           |
11/30/2022 02:00:08: |Welcome to PRISMS II       |
11/30/2022 02:00:08: |                           |
11/30/2022 02:00:08: | ___  ___ ____ ___  _   _  ___   ____ ____  |
11/30/2022 02:00:08: ||[_]||[_]| || ||^||||\V/||||^||   ||   ||   |
11/30/2022 02:00:08: |||'' ||\  ||  \  || V || \     ||   ||   |
11/30/2022 02:00:08: |||   || \_||_||_||||   ||||_||  _||_ _||_  |
11/30/2022 02:00:08: |                           |
11/30/2022 02:00:08: |Author: John Archibald Page|
11/30/2022 02:00:08: |Created on: 30/11/2022     |
11/30/2022 02:00:08: |---------------------------|
11/30/2022 02:00:08: |Purpose:                   |
11/30/2022 02:00:08: |                           |
11/30/2022 02:00:08: |To operate the PRISMS II sy|
11/30/2022 02:00:08: |r interface.               |
11/30/2022 02:00:08: |                           |
11/30/2022 02:00:08: |---------------------------|
11/30/2022 02:05:29: _____________________________
11/30/2022 02:05:29: |                           |
11/30/2022 02:05:29: |Welcome to PRISMS II       |
11/30/2022 02:05:29: |                           |
11/30/2022 02:05:29: | ___  ___   ____ ___  _   _  ___   ____ ____  |
11/30/2022 02:05:29: ||[_]||[_]|   || ||^||||\V/||||^||   ||   ||   |
11/30/2022 02:05:29: |||'' ||^\\  ||  \\  || V || \\   ||   ||   |
11/30/2022 02:05:29: |||   ||  \\_||_||_||||   ||||_||  _||_ _||_  |
11/30/2022 02:05:29: |                           |
11/30/2022 02:05:29: |Author: John Archibald Page|
11/30/2022 02:05:29: |Created on: 30/11/2022     |
11/30/2022 02:05:29: |---------------------------|
11/30/2022 02:05:29: |Purpose:                   |
11/30/2022 02:05:29: |                           |
11/30/2022 02:05:29: |To operate the PRISMS II sy|
11/30/2022 02:05:29: |r interface.               |
11/30/2022 02:05:29: |                           |
11/30/2022 02:05:29: |---------------------------|
11/30/2022 02:07:24: _______________________________________________
11/30/2022 02:07:24: |                                             |
11/30/2022 02:07:24: |Welcome to PRISMS II                         |
11/30/2022 02:07:24: |                                             |
11/30/2022 02:07:24: | ___  ___  ____ ___  _   _  ___     ____ ____ |
11/30/2022 02:07:24: ||[_]||[_]|  || ||^||||\V/||||^||     ||   ||  |
11/30/2022 02:07:24: |||'' ||^\\  ||  \\  || V || \\   ||   ||  |
11/30/2022 02:07:24: |||   ||  \\_||_||_||||   ||||_||_||_ _||_ |
11/30/2022 02:07:24: |                                             |
11/30/2022 02:07:24: |Author: John Archibald Page                  |
11/30/2022 02:07:24: |Created on: 30/11/2022                       |
11/30/2022 02:07:24: |---------------------------------------------|
11/30/2022 02:07:24: |Purpose:                                     |
11/30/2022 02:07:24: |                                             |
11/30/2022 02:07:24: |ative user interface.                        |
11/30/2022 02:07:24: |                                             |
11/30/2022 02:07:24: |---------------------------------------------|
11/30/2022 02:08:15: ___________________________________________
11/30/2022 02:08:15: |                                         |
11/30/2022 02:08:15: |Welcome to PRISMS II                     |
11/30/2022 02:08:15: |                                         |
11/30/2022 02:08:15: | ___  ___  ____ ___  _   _  ___ ____ ____ |
11/30/2022 02:08:15: ||[_]||[_]|  || ||^||||\V/||||^|| ||   ||  |
11/30/2022 02:08:15: |||'' ||^\\  ||  \\  || V || \\   ||   ||  |
11/30/2022 02:08:15: |||   ||  \\_||_||_||||   ||||_||_||_ _||_ |
11/30/2022 02:08:15: |                                         |
11/30/2022 02:08:15: |Author: John Archibald Page              |
11/30/2022 02:08:15: |Created on: 30/11/2022                   |
11/30/2022 02:08:15: |-----------------------------------------|
11/30/2022 02:08:15: |Purpose:                                 |
11/30/2022 02:08:15: |                                         |
11/30/2022 02:08:15: |intuative user interface.                |
11/30/2022 02:08:15: |                                         |
11/30/2022 02:08:15: |-----------------------------------------|
11/30/2022 02:08:42: ______________________________________________
11/30/2022 02:08:42: |                                            |
11/30/2022 02:08:42: |Welcome to PRISMS II                        |
11/30/2022 02:08:42: |                                            |
11/30/2022 02:08:42: | ___  ___  ____ ___  _   _  ___    ____ ____ |
11/30/2022 02:08:42: ||[_]||[_]|  || ||^||||\V/||||^||    ||   ||  |
11/30/2022 02:08:42: |||'' ||^\\  ||  \\  || V || \\      ||   ||  |
11/30/2022 02:08:42: |||   ||  \\_||_||_||||   ||||_||   _||_ _||_ |
11/30/2022 02:08:42: |                                            |
11/30/2022 02:08:42: |Author: John Archibald Page                 |
11/30/2022 02:08:42: |Created on: 30/11/2022                      |
11/30/2022 02:08:42: |--------------------------------------------|
11/30/2022 02:08:42: |Purpose:                                    |
11/30/2022 02:08:42: |                                            |
11/30/2022 02:08:42: |uative user interface.                      |
11/30/2022 02:08:42: |                                            |
11/30/2022 02:08:42: |--------------------------------------------|
11/30/2022 02:10:27: _______________________________________________
11/30/2022 02:10:27: |                                             |
11/30/2022 02:10:27: |Welcome to PRISMS II!                        |
11/30/2022 02:10:27: |                                             |
11/30/2022 02:10:27: | ___  ___  ____ ___  _   _  ___    ____ ____  |
11/30/2022 02:10:27: ||[_]||[_]|  || ||^||||\V/||||^||    ||   ||   |
11/30/2022 02:10:27: |||'' ||^\\  ||  \\  || V || \\      ||   ||   |
11/30/2022 02:10:27: |||   ||  \\_||_||_||||   ||||_||   _||_ _||_  |
11/30/2022 02:10:27: |                                             |
11/30/2022 02:10:27: |Author: John Archibald Page                  |
11/30/2022 02:10:27: |Created on: 30/11/2022                       |
11/30/2022 02:10:27: |---------------------------------------------|
11/30/2022 02:10:27: |Purpose:                                     |
11/30/2022 02:10:27: |                                             |
11/30/2022 02:10:27: |ative user interface.                        |
11/30/2022 02:10:27: |                                             |
11/30/2022 02:10:27: |---------------------------------------------|
11/30/2022 02:11:17: _______________________________________________
11/30/2022 02:11:17: |                                             |
11/30/2022 02:11:17: |Welcome to PRISMS II!                        |
11/30/2022 02:11:17: |                                             |
11/30/2022 02:11:17: | ___  ___  ____ ___  _   _  ___    ____ ____ |
11/30/2022 02:11:17: ||[_]||[_]|  || ||^||||\V/||||^||    ||   ||  |
11/30/2022 02:11:17: |||'' ||^\\  ||  \\  || V || \\      ||   ||  |
11/30/2022 02:11:17: |||   ||  \\_||_||_||||   ||||_||   _||_ _||_ |
11/30/2022 02:11:17: |                                             |
11/30/2022 02:11:17: |Author: John Archibald Page                  |
11/30/2022 02:11:17: |Created on: 30/11/2022                       |
11/30/2022 02:11:17: |---------------------------------------------|
11/30/2022 02:11:17: |Purpose:                                     |
11/30/2022 02:11:17: |                                             |
11/30/2022 02:11:17: |ative user interface.                        |
11/30/2022 02:11:17: |                                             |
11/30/2022 02:11:17: |---------------------------------------------|
11/30/2022 02:12:19: _______________________________________________
11/30/2022 02:12:19: |                                             |
11/30/2022 02:12:19: |Welcome to PRISMS II!                        |
11/30/2022 02:12:19: |                                             |
11/30/2022 02:12:19: | ___  ___  ____ ___  _   _  ___    ____ ____ |
11/30/2022 02:12:19: ||[_]||[_]|  || ||^||||\V/||||^||    ||   ||  |
11/30/2022 02:12:19: |||'' ||^\\  ||  \\  || V || \\      ||   ||  |
11/30/2022 02:12:19: |||   ||  \\_||_||_||||   ||||_||   _||_ _||_ |
11/30/2022 02:12:19: |                                             |
11/30/2022 02:12:19: |Author: John Archibald Page                  |
11/30/2022 02:12:19: |Created on: 30/11/2022                       |
11/30/2022 02:12:19: |---------------------------------------------|
11/30/2022 02:12:56: _______________________________________________
11/30/2022 02:12:56: |                                             |
11/30/2022 02:12:56: |Welcome to PRISMS II!                        |
11/30/2022 02:12:56: |                                             |
11/30/2022 02:12:56: | ___  ___  ____ ___  _   _  ___    ____ ____ |
11/30/2022 02:12:56: ||[_]||[_]|  || ||^||||\V/||||^||    ||   ||  |
11/30/2022 02:12:56: |||'' ||^\\  ||  \\  || V || \\      ||   ||  |
11/30/2022 02:12:56: |||   ||  \\_||_||_||||   ||||_||   _||_ _||_ |
11/30/2022 02:12:56: |                                             |
11/30/2022 02:12:56: |Author: John Archibald Page                  |
11/30/2022 02:12:56: |Created on: 30/11/2022                       |
11/30/2022 02:12:56: |_____________________________________________|
11/30/2022 02:14:54: _______________________________________________
11/30/2022 02:14:54: |                                             |
11/30/2022 02:14:54: | ___  ___  ____ ___  _   _  ___    ____ ____ |
11/30/2022 02:14:54: ||[_]||[_]|  || ||^||||\V/||||^||    ||   ||  |
11/30/2022 02:14:54: |||'' ||^\\  ||  \\  || V || \\      ||   ||  |
11/30/2022 02:14:54: |||   ||  \\_||_||_||||   ||||_||   _||_ _||_ |
11/30/2022 02:14:54: |                                             |
11/30/2022 02:14:54: |Author: John Archibald Page                  |
11/30/2022 02:14:54: |Created on: 30/11/2022                       |
11/30/2022 02:14:54: |Last updated on: 30/11/2022                  |
11/30/2022 02:14:54: |_____________________________________________|
11/30/2022 02:20:34: _______________________________________________
11/30/2022 02:20:34: |                                             |
11/30/2022 02:20:34: | ___  ___  ____ ___  _   _  ___    ____ ____ |
11/30/2022 02:20:34: ||[_]||[_]|  || ||^||||\V/||||^||    ||   ||  |
11/30/2022 02:20:34: |||'' ||^\\  ||  \\  || V || \\      ||   ||  |
11/30/2022 02:20:34: |||   ||  \\_||_||_||||   ||||_||   _||_ _||_ |
11/30/2022 02:20:34: |                                             |
11/30/2022 02:20:34: |Author: John Archibald Page                  |
11/30/2022 02:20:34: |Created on: 30/11/2022                       |
11/30/2022 02:20:34: |Last updated on: 30/11/2022                  |
11/30/2022 02:20:34: |_____________________________________________|
11/30/2022 02:20:34: Initiating program...
11/30/2022 02:20:35: Initiating Main window...
11/30/2022 02:20:35: Main window initiated successfully!
11/30/2022 02:20:35: Launch Window initiated Successfully
11/30/2022 02:20:49: Equipment Serial Port Configuration set:
11/30/2022 02:20:49: component,connected,COMS
11/30/2022 02:20:49: MainCamera,False,2
11/30/2022 02:20:49: AzimuthAltitudeStand,False,0
11/30/2022 02:20:49: Filter,False,1
11/30/2022 02:20:49: Focuser,False,6
11/30/2022 02:20:49: RGBCamera,False,4
